     32530992 K total memory
      3795080 K used memory
      5017312 K active memory
      5161184 K inactive memory
     20987324 K free memory
       154312 K buffer memory
      7594276 K swap cache
      2097148 K total swap
            0 K used swap
      2097148 K free swap
       948838 non-nice user cpu ticks
         1194 nice user cpu ticks
       359796 system cpu ticks
     30567855 idle cpu ticks
         7374 IO-wait cpu ticks
            0 IRQ cpu ticks
         6359 softirq cpu ticks
            0 stolen cpu ticks
      5388786 pages paged in
      5664681 pages paged out
            0 pages swapped in
            0 pages swapped out
     47452461 interrupts
    130100724 CPU context switches
   1713631013 boot time
       602864 forks
