     32530992 K total memory
      5350408 K used memory
      6558240 K active memory
      6131852 K inactive memory
     18285628 K free memory
       292820 K buffer memory
      8602136 K swap cache
      2097148 K total swap
            0 K used swap
      2097148 K free swap
      1956720 non-nice user cpu ticks
         1340 nice user cpu ticks
       767104 system cpu ticks
     69753942 idle cpu ticks
        15359 IO-wait cpu ticks
            0 IRQ cpu ticks
        14250 softirq cpu ticks
            0 stolen cpu ticks
      5762588 pages paged in
     12987625 pages paged out
            0 pages swapped in
            0 pages swapped out
    101356558 interrupts
    264069680 CPU context switches
   1713631013 boot time
      1350277 forks
