     32530992 K total memory
      5341852 K used memory
      6580864 K active memory
      6127876 K inactive memory
     18280188 K free memory
       292812 K buffer memory
      8616140 K swap cache
      2097148 K total swap
            0 K used swap
      2097148 K free swap
      1956360 non-nice user cpu ticks
         1340 nice user cpu ticks
       766955 system cpu ticks
     69749058 idle cpu ticks
        15357 IO-wait cpu ticks
            0 IRQ cpu ticks
        14245 softirq cpu ticks
            0 stolen cpu ticks
      5762580 pages paged in
     12986937 pages paged out
            0 pages swapped in
            0 pages swapped out
    101341092 interrupts
    264036069 CPU context switches
   1713631013 boot time
      1350142 forks
