     32530992 K total memory
      3778752 K used memory
      5018708 K active memory
      5171756 K inactive memory
     20992840 K free memory
       154348 K buffer memory
      7605052 K swap cache
      2097148 K total swap
            0 K used swap
      2097148 K free swap
       950014 non-nice user cpu ticks
         1194 nice user cpu ticks
       360458 system cpu ticks
     30592551 idle cpu ticks
         7379 IO-wait cpu ticks
            0 IRQ cpu ticks
         6365 softirq cpu ticks
            0 stolen cpu ticks
      5398818 pages paged in
      5666505 pages paged out
            0 pages swapped in
            0 pages swapped out
     47489263 interrupts
    130150000 CPU context switches
   1713631013 boot time
       603534 forks
