     32530992 K total memory
      3783316 K used memory
      5017108 K active memory
      5174704 K inactive memory
     20979896 K free memory
       154816 K buffer memory
      7612964 K swap cache
      2097148 K total swap
            0 K used swap
      2097148 K free swap
       952178 non-nice user cpu ticks
         1194 nice user cpu ticks
       360848 system cpu ticks
     30619011 idle cpu ticks
         7388 IO-wait cpu ticks
            0 IRQ cpu ticks
         6380 softirq cpu ticks
            0 stolen cpu ticks
      5403862 pages paged in
      5669341 pages paged out
            0 pages swapped in
            0 pages swapped out
     47550336 interrupts
    130601100 CPU context switches
   1713631013 boot time
       604204 forks
