     32530992 K total memory
      3776500 K used memory
      5012152 K active memory
      5161624 K inactive memory
     21005204 K free memory
       154336 K buffer memory
      7594952 K swap cache
      2097148 K total swap
            0 K used swap
      2097148 K free swap
       949803 non-nice user cpu ticks
         1194 nice user cpu ticks
       360329 system cpu ticks
     30587594 idle cpu ticks
         7377 IO-wait cpu ticks
            0 IRQ cpu ticks
         6364 softirq cpu ticks
            0 stolen cpu ticks
      5388930 pages paged in
      5665725 pages paged out
            0 pages swapped in
            0 pages swapped out
     47481283 interrupts
    130138776 CPU context switches
   1713631013 boot time
       603394 forks
