     32530992 K total memory
      5340212 K used memory
      6557332 K active memory
      6131972 K inactive memory
     18294820 K free memory
       292832 K buffer memory
      8603128 K swap cache
      2097148 K total swap
            0 K used swap
      2097148 K free swap
      1957457 non-nice user cpu ticks
         1340 nice user cpu ticks
       767246 system cpu ticks
     69759436 idle cpu ticks
        15360 IO-wait cpu ticks
            0 IRQ cpu ticks
        14254 softirq cpu ticks
            0 stolen cpu ticks
      5762588 pages paged in
     12990237 pages paged out
            0 pages swapped in
            0 pages swapped out
    101377238 interrupts
    264112459 CPU context switches
   1713631013 boot time
      1350431 forks
