     32530992 K total memory
      3768240 K used memory
      5020756 K active memory
      5174656 K inactive memory
     20991504 K free memory
       154816 K buffer memory
      7616432 K swap cache
      2097148 K total swap
            0 K used swap
      2097148 K free swap
       952144 non-nice user cpu ticks
         1194 nice user cpu ticks
       360829 system cpu ticks
     30616895 idle cpu ticks
         7388 IO-wait cpu ticks
            0 IRQ cpu ticks
         6380 softirq cpu ticks
            0 stolen cpu ticks
      5403862 pages paged in
      5667753 pages paged out
            0 pages swapped in
            0 pages swapped out
     47548555 interrupts
    130597669 CPU context switches
   1713631013 boot time
       604135 forks
