     32530992 K total memory
      3768508 K used memory
      5020764 K active memory
      5174584 K inactive memory
     20991836 K free memory
       154792 K buffer memory
      7615856 K swap cache
      2097148 K total swap
            0 K used swap
      2097148 K free swap
       951983 non-nice user cpu ticks
         1194 nice user cpu ticks
       360780 system cpu ticks
     30614364 idle cpu ticks
         7387 IO-wait cpu ticks
            0 IRQ cpu ticks
         6380 softirq cpu ticks
            0 stolen cpu ticks
      5403862 pages paged in
      5667449 pages paged out
            0 pages swapped in
            0 pages swapped out
     47544897 interrupts
    130595466 CPU context switches
   1713631013 boot time
       604085 forks
