     32530992 K total memory
      3777640 K used memory
      5016264 K active memory
      5174528 K inactive memory
     20985860 K free memory
       154792 K buffer memory
      7612700 K swap cache
      2097148 K total swap
            0 K used swap
      2097148 K free swap
       951811 non-nice user cpu ticks
         1194 nice user cpu ticks
       360717 system cpu ticks
     30608763 idle cpu ticks
         7386 IO-wait cpu ticks
            0 IRQ cpu ticks
         6378 softirq cpu ticks
            0 stolen cpu ticks
      5403862 pages paged in
      5667281 pages paged out
            0 pages swapped in
            0 pages swapped out
     47533904 interrupts
    130589737 CPU context switches
   1713631013 boot time
       603943 forks
