     32530992 K total memory
      5375452 K used memory
      6572984 K active memory
      6121560 K inactive memory
     18256628 K free memory
       292700 K buffer memory
      8606212 K swap cache
      2097148 K total swap
            0 K used swap
      2097148 K free swap
      1953977 non-nice user cpu ticks
         1340 nice user cpu ticks
       765860 system cpu ticks
     69721548 idle cpu ticks
        15351 IO-wait cpu ticks
            0 IRQ cpu ticks
        14227 softirq cpu ticks
            0 stolen cpu ticks
      5762580 pages paged in
     12977385 pages paged out
            0 pages swapped in
            0 pages swapped out
    101242933 interrupts
    263801952 CPU context switches
   1713631013 boot time
      1349361 forks
