     32530992 K total memory
      3795072 K used memory
      5020728 K active memory
      5161808 K inactive memory
     20986224 K free memory
       154328 K buffer memory
      7595368 K swap cache
      2097148 K total swap
            0 K used swap
      2097148 K free swap
       949241 non-nice user cpu ticks
         1194 nice user cpu ticks
       360082 system cpu ticks
     30576315 idle cpu ticks
         7375 IO-wait cpu ticks
            0 IRQ cpu ticks
         6361 softirq cpu ticks
            0 stolen cpu ticks
      5388802 pages paged in
      5665349 pages paged out
            0 pages swapped in
            0 pages swapped out
     47464493 interrupts
    130109733 CPU context switches
   1713631013 boot time
       603099 forks
