     32530992 K total memory
      3785792 K used memory
      5027068 K active memory
      5174808 K inactive memory
     20977448 K free memory
       154792 K buffer memory
      7612960 K swap cache
      2097148 K total swap
            0 K used swap
      2097148 K free swap
       951901 non-nice user cpu ticks
         1194 nice user cpu ticks
       360758 system cpu ticks
     30612459 idle cpu ticks
         7387 IO-wait cpu ticks
            0 IRQ cpu ticks
         6379 softirq cpu ticks
            0 stolen cpu ticks
      5403862 pages paged in
      5667449 pages paged out
            0 pages swapped in
            0 pages swapped out
     47539696 interrupts
    130593196 CPU context switches
   1713631013 boot time
       604022 forks
