     32530992 K total memory
      3782208 K used memory
      5019576 K active memory
      5172856 K inactive memory
     20988420 K free memory
       154348 K buffer memory
      7606016 K swap cache
      2097148 K total swap
            0 K used swap
      2097148 K free swap
       950050 non-nice user cpu ticks
         1194 nice user cpu ticks
       360466 system cpu ticks
     30592909 idle cpu ticks
         7379 IO-wait cpu ticks
            0 IRQ cpu ticks
         6366 softirq cpu ticks
            0 stolen cpu ticks
      5398818 pages paged in
      5666505 pages paged out
            0 pages swapped in
            0 pages swapped out
     47490402 interrupts
    130152573 CPU context switches
   1713631013 boot time
       603554 forks
