     32530992 K total memory
      5334628 K used memory
      6550060 K active memory
      6132256 K inactive memory
     18299532 K free memory
       292820 K buffer memory
      8604012 K swap cache
      2097148 K total swap
            0 K used swap
      2097148 K free swap
      1957022 non-nice user cpu ticks
         1340 nice user cpu ticks
       767170 system cpu ticks
     69755955 idle cpu ticks
        15359 IO-wait cpu ticks
            0 IRQ cpu ticks
        14252 softirq cpu ticks
            0 stolen cpu ticks
      5762588 pages paged in
     12987625 pages paged out
            0 pages swapped in
            0 pages swapped out
    101365086 interrupts
    264086777 CPU context switches
   1713631013 boot time
      1350358 forks
