     32530992 K total memory
      3784992 K used memory
      5014532 K active memory
      5161220 K inactive memory
     20997840 K free memory
       154320 K buffer memory
      7593840 K swap cache
      2097148 K total swap
            0 K used swap
      2097148 K free swap
       948994 non-nice user cpu ticks
         1194 nice user cpu ticks
       359871 system cpu ticks
     30570758 idle cpu ticks
         7374 IO-wait cpu ticks
            0 IRQ cpu ticks
         6361 softirq cpu ticks
            0 stolen cpu ticks
      5388786 pages paged in
      5665197 pages paged out
            0 pages swapped in
            0 pages swapped out
     47456644 interrupts
    130104132 CPU context switches
   1713631013 boot time
       602952 forks
