     32530992 K total memory
      3789776 K used memory
      5016168 K active memory
      5161512 K inactive memory
     20992400 K free memory
       154328 K buffer memory
      7594488 K swap cache
      2097148 K total swap
            0 K used swap
      2097148 K free swap
       949495 non-nice user cpu ticks
         1194 nice user cpu ticks
       360244 system cpu ticks
     30580701 idle cpu ticks
         7376 IO-wait cpu ticks
            0 IRQ cpu ticks
         6364 softirq cpu ticks
            0 stolen cpu ticks
      5388930 pages paged in
      5665561 pages paged out
            0 pages swapped in
            0 pages swapped out
     47470873 interrupts
    130130069 CPU context switches
   1713631013 boot time
       603235 forks
