     32530992 K total memory
      5376972 K used memory
      6587440 K active memory
      6126232 K inactive memory
     18264900 K free memory
       292756 K buffer memory
      8596364 K swap cache
      2097148 K total swap
            0 K used swap
      2097148 K free swap
      1955516 non-nice user cpu ticks
         1340 nice user cpu ticks
       766736 system cpu ticks
     69743067 idle cpu ticks
        15355 IO-wait cpu ticks
            0 IRQ cpu ticks
        14238 softirq cpu ticks
            0 stolen cpu ticks
      5762580 pages paged in
     12984033 pages paged out
            0 pages swapped in
            0 pages swapped out
    101305478 interrupts
    263962852 CPU context switches
   1713631013 boot time
      1349961 forks
