     32530992 K total memory
      3778652 K used memory
      5014624 K active memory
      5164192 K inactive memory
     21000348 K free memory
       154336 K buffer memory
      7597656 K swap cache
      2097148 K total swap
            0 K used swap
      2097148 K free swap
       949818 non-nice user cpu ticks
         1194 nice user cpu ticks
       360346 system cpu ticks
     30587852 idle cpu ticks
         7377 IO-wait cpu ticks
            0 IRQ cpu ticks
         6364 softirq cpu ticks
            0 stolen cpu ticks
      5391490 pages paged in
      5665725 pages paged out
            0 pages swapped in
            0 pages swapped out
     47481775 interrupts
    130139695 CPU context switches
   1713631013 boot time
       603402 forks
