     32530992 K total memory
      5365520 K used memory
      6574740 K active memory
      6123992 K inactive memory
     18282996 K free memory
       292700 K buffer memory
      8589776 K swap cache
      2097148 K total swap
            0 K used swap
      2097148 K free swap
      1954100 non-nice user cpu ticks
         1340 nice user cpu ticks
       765916 system cpu ticks
     69723368 idle cpu ticks
        15351 IO-wait cpu ticks
            0 IRQ cpu ticks
        14228 softirq cpu ticks
            0 stolen cpu ticks
      5762580 pages paged in
     12977385 pages paged out
            0 pages swapped in
            0 pages swapped out
    101248137 interrupts
    263813603 CPU context switches
   1713631013 boot time
      1349404 forks
