     32530992 K total memory
      5390248 K used memory
      6596512 K active memory
      6125232 K inactive memory
     18255212 K free memory
       292744 K buffer memory
      8592788 K swap cache
      2097148 K total swap
            0 K used swap
      2097148 K free swap
      1954677 non-nice user cpu ticks
         1340 nice user cpu ticks
       766283 system cpu ticks
     69732570 idle cpu ticks
        15353 IO-wait cpu ticks
            0 IRQ cpu ticks
        14231 softirq cpu ticks
            0 stolen cpu ticks
      5762580 pages paged in
     12981629 pages paged out
            0 pages swapped in
            0 pages swapped out
    101274345 interrupts
    263879203 CPU context switches
   1713631013 boot time
      1349661 forks
