     32530992 K total memory
      5363756 K used memory
      6578152 K active memory
      6116156 K inactive memory
     18288436 K free memory
       292876 K buffer memory
      8585924 K swap cache
      2097148 K total swap
            0 K used swap
      2097148 K free swap
      1959158 non-nice user cpu ticks
         1340 nice user cpu ticks
       767598 system cpu ticks
     69775823 idle cpu ticks
        15363 IO-wait cpu ticks
            0 IRQ cpu ticks
        14271 softirq cpu ticks
            0 stolen cpu ticks
      5762588 pages paged in
     12994557 pages paged out
            0 pages swapped in
            0 pages swapped out
    101444785 interrupts
    264728365 CPU context switches
   1713631013 boot time
      1350855 forks
