     32530992 K total memory
      5374236 K used memory
      6577864 K active memory
      6126028 K inactive memory
     18271960 K free memory
       292752 K buffer memory
      8592044 K swap cache
      2097148 K total swap
            0 K used swap
      2097148 K free swap
      1955280 non-nice user cpu ticks
         1340 nice user cpu ticks
       766654 system cpu ticks
     69740240 idle cpu ticks
        15354 IO-wait cpu ticks
            0 IRQ cpu ticks
        14237 softirq cpu ticks
            0 stolen cpu ticks
      5762580 pages paged in
     12984033 pages paged out
            0 pages swapped in
            0 pages swapped out
    101296235 interrupts
    263936487 CPU context switches
   1713631013 boot time
      1349858 forks
