     32530992 K total memory
      5348432 K used memory
      6580896 K active memory
      6127964 K inactive memory
     18267144 K free memory
       292804 K buffer memory
      8622612 K swap cache
      2097148 K total swap
            0 K used swap
      2097148 K free swap
      1956259 non-nice user cpu ticks
         1340 nice user cpu ticks
       766898 system cpu ticks
     69746917 idle cpu ticks
        15356 IO-wait cpu ticks
            0 IRQ cpu ticks
        14244 softirq cpu ticks
            0 stolen cpu ticks
      5762580 pages paged in
     12986613 pages paged out
            0 pages swapped in
            0 pages swapped out
    101335891 interrupts
    264021200 CPU context switches
   1713631013 boot time
      1350076 forks
