     32530992 K total memory
      5380900 K used memory
      6580988 K active memory
      6125932 K inactive memory
     18266464 K free memory
       292744 K buffer memory
      8590884 K swap cache
      2097148 K total swap
            0 K used swap
      2097148 K free swap
      1954786 non-nice user cpu ticks
         1340 nice user cpu ticks
       766352 system cpu ticks
     69734743 idle cpu ticks
        15354 IO-wait cpu ticks
            0 IRQ cpu ticks
        14232 softirq cpu ticks
            0 stolen cpu ticks
      5762580 pages paged in
     12981629 pages paged out
            0 pages swapped in
            0 pages swapped out
    101278876 interrupts
    263890947 CPU context switches
   1713631013 boot time
      1349711 forks
