     32530992 K total memory
      5373636 K used memory
      6579856 K active memory
      6124120 K inactive memory
     18275128 K free memory
       292744 K buffer memory
      8589484 K swap cache
      2097148 K total swap
            0 K used swap
      2097148 K free swap
      1954568 non-nice user cpu ticks
         1340 nice user cpu ticks
       766205 system cpu ticks
     69730757 idle cpu ticks
        15353 IO-wait cpu ticks
            0 IRQ cpu ticks
        14230 softirq cpu ticks
            0 stolen cpu ticks
      5762580 pages paged in
     12981629 pages paged out
            0 pages swapped in
            0 pages swapped out
    101268689 interrupts
    263868429 CPU context switches
   1713631013 boot time
      1349621 forks
