     32530992 K total memory
      5367408 K used memory
      6582788 K active memory
      6132976 K inactive memory
     18266656 K free memory
       292848 K buffer memory
      8604080 K swap cache
      2097148 K total swap
            0 K used swap
      2097148 K free swap
      1958926 non-nice user cpu ticks
         1340 nice user cpu ticks
       767524 system cpu ticks
     69771942 idle cpu ticks
        15362 IO-wait cpu ticks
            0 IRQ cpu ticks
        14269 softirq cpu ticks
            0 stolen cpu ticks
      5762588 pages paged in
     12992485 pages paged out
            0 pages swapped in
            0 pages swapped out
    101435021 interrupts
    264705715 CPU context switches
   1713631013 boot time
      1350762 forks
