     32530992 K total memory
      5373872 K used memory
      6578772 K active memory
      6120900 K inactive memory
     18254740 K free memory
       292684 K buffer memory
      8609696 K swap cache
      2097148 K total swap
            0 K used swap
      2097148 K free swap
      1953849 non-nice user cpu ticks
         1340 nice user cpu ticks
       765801 system cpu ticks
     69719138 idle cpu ticks
        15350 IO-wait cpu ticks
            0 IRQ cpu ticks
        14226 softirq cpu ticks
            0 stolen cpu ticks
      5762580 pages paged in
     12977009 pages paged out
            0 pages swapped in
            0 pages swapped out
    101237957 interrupts
    263788601 CPU context switches
   1713631013 boot time
      1349300 forks
