     32530992 K total memory
      5359336 K used memory
      6590700 K active memory
      6127968 K inactive memory
     18256464 K free memory
       292804 K buffer memory
      8622388 K swap cache
      2097148 K total swap
            0 K used swap
      2097148 K free swap
      1956285 non-nice user cpu ticks
         1340 nice user cpu ticks
       766917 system cpu ticks
     69747167 idle cpu ticks
        15356 IO-wait cpu ticks
            0 IRQ cpu ticks
        14245 softirq cpu ticks
            0 stolen cpu ticks
      5762580 pages paged in
     12986613 pages paged out
            0 pages swapped in
            0 pages swapped out
    101336978 interrupts
    264024514 CPU context switches
   1713631013 boot time
      1350103 forks
