     32530992 K total memory
      5377388 K used memory
      6581360 K active memory
      6126492 K inactive memory
     18268740 K free memory
       292748 K buffer memory
      8592116 K swap cache
      2097148 K total swap
            0 K used swap
      2097148 K free swap
      1954953 non-nice user cpu ticks
         1340 nice user cpu ticks
       766475 system cpu ticks
     69736192 idle cpu ticks
        15354 IO-wait cpu ticks
            0 IRQ cpu ticks
        14234 softirq cpu ticks
            0 stolen cpu ticks
      5762580 pages paged in
     12983749 pages paged out
            0 pages swapped in
            0 pages swapped out
    101284472 interrupts
    263899560 CPU context switches
   1713631013 boot time
      1349768 forks
