     32530992 K total memory
      5373216 K used memory
      6582356 K active memory
      6133016 K inactive memory
     18261916 K free memory
       292864 K buffer memory
      8602996 K swap cache
      2097148 K total swap
            0 K used swap
      2097148 K free swap
      1959064 non-nice user cpu ticks
         1340 nice user cpu ticks
       767566 system cpu ticks
     69773941 idle cpu ticks
        15362 IO-wait cpu ticks
            0 IRQ cpu ticks
        14270 softirq cpu ticks
            0 stolen cpu ticks
      5762588 pages paged in
     12994157 pages paged out
            0 pages swapped in
            0 pages swapped out
    101440383 interrupts
    264717408 CPU context switches
   1713631013 boot time
      1350811 forks
