     32530992 K total memory
      5375360 K used memory
      6585948 K active memory
      6124080 K inactive memory
     18273284 K free memory
       292732 K buffer memory
      8589616 K swap cache
      2097148 K total swap
            0 K used swap
      2097148 K free swap
      1954412 non-nice user cpu ticks
         1340 nice user cpu ticks
       766112 system cpu ticks
     69728278 idle cpu ticks
        15353 IO-wait cpu ticks
            0 IRQ cpu ticks
        14229 softirq cpu ticks
            0 stolen cpu ticks
      5762580 pages paged in
     12981429 pages paged out
            0 pages swapped in
            0 pages swapped out
    101262453 interrupts
    263855381 CPU context switches
   1713631013 boot time
      1349549 forks
