     32530992 K total memory
      5374764 K used memory
      6593388 K active memory
      6128412 K inactive memory
     18230572 K free memory
       292800 K buffer memory
      8632856 K swap cache
      2097148 K total swap
            0 K used swap
      2097148 K free swap
      1956127 non-nice user cpu ticks
         1340 nice user cpu ticks
       766857 system cpu ticks
     69745090 idle cpu ticks
        15356 IO-wait cpu ticks
            0 IRQ cpu ticks
        14243 softirq cpu ticks
            0 stolen cpu ticks
      5762580 pages paged in
     12986421 pages paged out
            0 pages swapped in
            0 pages swapped out
    101330620 interrupts
    264004730 CPU context switches
   1713631013 boot time
      1350015 forks
