     32530992 K total memory
      5378840 K used memory
      6590284 K active memory
      6132940 K inactive memory
     18256024 K free memory
       292844 K buffer memory
      8603284 K swap cache
      2097148 K total swap
            0 K used swap
      2097148 K free swap
      1958726 non-nice user cpu ticks
         1340 nice user cpu ticks
       767465 system cpu ticks
     69769445 idle cpu ticks
        15361 IO-wait cpu ticks
            0 IRQ cpu ticks
        14266 softirq cpu ticks
            0 stolen cpu ticks
      5762588 pages paged in
     12992485 pages paged out
            0 pages swapped in
            0 pages swapped out
    101424584 interrupts
    264692204 CPU context switches
   1713631013 boot time
      1350674 forks
