ERROR:  subquery in FROM must have an alias
LINE 6:   from (select ws_sold_date_sk sold_date_sk
               ^
HINT:  For example, FROM (SELECT ...) [AS] foo.
ERROR:  subquery in FROM must have an alias
LINE 6:  (select iss.i_brand_id brand_id
         ^
HINT:  For example, FROM (SELECT ...) [AS] foo.
ERROR:  subquery in FROM must have an alias
LINE 15:   from (select c_customer_sk,sum(ss_quantity*ss_sales_price)...
                ^
HINT:  For example, FROM (SELECT ...) [AS] foo.
ERROR:  subquery in FROM must have an alias
LINE 13:   from (select c_customer_sk,sum(ss_quantity*ss_sales_price)...
                ^
HINT:  For example, FROM (SELECT ...) [AS] foo.
ERROR:  column "c_last_review_date" does not exist
LINE 17:        ,c_last_review_date,ctr_total_return
                 ^
HINT:  Perhaps you meant to reference the column "customer.c_last_review_date_sk".
ERROR:  subquery in FROM must have an alias
LINE 4:  (select
         ^
HINT:  For example, FROM (SELECT ...) [AS] foo.
