ERROR:  column "procpid" does not exist
LINE 1: SELECT pg_terminate_backend(procpid) FROM pg_stat_activity W...
                                    ^
 tpcds_backends 
----------------
              1
(1 row)

ERROR:  column "procpid" does not exist
LINE 1: SELECT pg_terminate_backend(procpid) FROM pg_stat_activity W...
                                    ^
 tpcds_backends 
----------------
              2
(1 row)

ERROR:  column "procpid" does not exist
LINE 1: SELECT pg_terminate_backend(procpid) FROM pg_stat_activity W...
                                    ^
 tpcds_backends 
----------------
              3
(1 row)

