2 = 0.33
3 = 0.03
5 = 0.44
6 = 52.32
7 = 0.44
8 = 0.06
9 = 2.13
10 = 3.61
12 = 0.05
13 = 0.26
14 = 18.48
15 = 0.09
16 = 0.18
17 = 1.76
18 = 0.22
19 = 0.13
20 = 0.07
21 = 0.36
22 = 3.44
23 = 0.02
24 = 0.06
25 = 1.23
26 = 0.19
27 = 0.38
28 = 1.36
29 = 0.66
30 = 0.02
31 = 4.31
32 = 0.07
33 = 0.26
34 = 0.10
35 = 0.87
36 = 0.31
37 = 0.02
38 = 1.14
39 = 3.67
40 = 0.07
41 = 0.84
42 = 0.11
43 = 0.21
44 = 0.51
45 = 0.07
46 = 0.19
47 = 1.24
48 = 0.33
49 = 0.02
50 = 0.04
51 = 0.84
52 = 0.12
53 = 0.17
54 = 0.12
55 = 0.08
56 = 0.44
57 = 0.57
58 = 0.25
59 = 0.53
60 = 0.79
61 = 0.11
62 = 0.11
63 = 0.18
64 = 0.61
65 = 0.56
66 = 0.15
67 = 1.02
68 = 0.11
69 = 0.42
70 = 0.41
71 = 0.22
72 = 0.21
73 = 0.08
75 = 0.86
76 = 0.26
77 = 0.36
78 = 1.93
79 = 0.16
80 = 0.34
81 = 31.26
82 = 0.03
83 = 0.08
84 = 0.04
85 = 0.09
86 = 0.14
87 = 1.31
88 = 2.51
89 = 0.19
90 = 0.08
91 = 0.04
92 = 0.05
93 = 0.03
94 = 0.06
95 = 11.62
96 = 0.10
97 = 0.39
98 = 0.14
99 = 0.21
4 = 2881.10
