     32530996 K total memory
      4238188 K used memory
      5468788 K active memory
      8623560 K inactive memory
     16869088 K free memory
       178948 K buffer memory
     11244772 K swap cache
      2097148 K total swap
            0 K used swap
      2097148 K free swap
       922894 non-nice user cpu ticks
          149 nice user cpu ticks
       299415 system cpu ticks
     26697244 idle cpu ticks
         6478 IO-wait cpu ticks
            0 IRQ cpu ticks
         6342 softirq cpu ticks
            0 stolen cpu ticks
      2235267 pages paged in
     16109045 pages paged out
            0 pages swapped in
            0 pages swapped out
     41946709 interrupts
     91769367 CPU context switches
   1713987315 boot time
       516690 forks
