     32530996 K total memory
      4218592 K used memory
      5439024 K active memory
      8624144 K inactive memory
     16886944 K free memory
       179072 K buffer memory
     11246388 K swap cache
      2097148 K total swap
            0 K used swap
      2097148 K free swap
       927331 non-nice user cpu ticks
          149 nice user cpu ticks
       300229 system cpu ticks
     26726905 idle cpu ticks
         6486 IO-wait cpu ticks
            0 IRQ cpu ticks
         6377 softirq cpu ticks
            0 stolen cpu ticks
      2235267 pages paged in
     16214109 pages paged out
            0 pages swapped in
            0 pages swapped out
     42066576 interrupts
     91870676 CPU context switches
   1713987315 boot time
       517598 forks
