     32530996 K total memory
      4220744 K used memory
      5445052 K active memory
      8624056 K inactive memory
     16884936 K free memory
       179036 K buffer memory
     11246280 K swap cache
      2097148 K total swap
            0 K used swap
      2097148 K free swap
       926651 non-nice user cpu ticks
          149 nice user cpu ticks
       300039 system cpu ticks
     26721610 idle cpu ticks
         6484 IO-wait cpu ticks
            0 IRQ cpu ticks
         6372 softirq cpu ticks
            0 stolen cpu ticks
      2235267 pages paged in
     16212965 pages paged out
            0 pages swapped in
            0 pages swapped out
     42044912 interrupts
     91854096 CPU context switches
   1713987315 boot time
       517439 forks
