     32530996 K total memory
      4240216 K used memory
      5483696 K active memory
      8677436 K inactive memory
     16802996 K free memory
       180012 K buffer memory
     11307772 K swap cache
      2097148 K total swap
            0 K used swap
      2097148 K free swap
       990273 non-nice user cpu ticks
          149 nice user cpu ticks
       308861 system cpu ticks
     27053209 idle cpu ticks
         6555 IO-wait cpu ticks
            0 IRQ cpu ticks
         6708 softirq cpu ticks
            0 stolen cpu ticks
      2235395 pages paged in
     16459377 pages paged out
            0 pages swapped in
            0 pages swapped out
     43592090 interrupts
     92558970 CPU context switches
   1713987315 boot time
       525825 forks
