     32530996 K total memory
      4185880 K used memory
      5397240 K active memory
      8236212 K inactive memory
     17328808 K free memory
       178032 K buffer memory
     10838276 K swap cache
      2097148 K total swap
            0 K used swap
      2097148 K free swap
       876432 non-nice user cpu ticks
          149 nice user cpu ticks
       291068 system cpu ticks
     26354417 idle cpu ticks
         6402 IO-wait cpu ticks
            0 IRQ cpu ticks
         6118 softirq cpu ticks
            0 stolen cpu ticks
      2235255 pages paged in
     15393389 pages paged out
            0 pages swapped in
            0 pages swapped out
     40848936 interrupts
     90963276 CPU context switches
   1713987315 boot time
       508570 forks
