     32530996 K total memory
      4263144 K used memory
      5510364 K active memory
      8675912 K inactive memory
     16774416 K free memory
       179864 K buffer memory
     11313572 K swap cache
      2097148 K total swap
            0 K used swap
      2097148 K free swap
       979659 non-nice user cpu ticks
          149 nice user cpu ticks
       307392 system cpu ticks
     27008321 idle cpu ticks
         6544 IO-wait cpu ticks
            0 IRQ cpu ticks
         6664 softirq cpu ticks
            0 stolen cpu ticks
      2235267 pages paged in
     16282313 pages paged out
            0 pages swapped in
            0 pages swapped out
     43354490 interrupts
     92433612 CPU context switches
   1713987315 boot time
       524524 forks
