     32530996 K total memory
      4200288 K used memory
      5436132 K active memory
      8624716 K inactive memory
     16898756 K free memory
       179140 K buffer memory
     11252812 K swap cache
      2097148 K total swap
            0 K used swap
      2097148 K free swap
       930957 non-nice user cpu ticks
          149 nice user cpu ticks
       300940 system cpu ticks
     26749456 idle cpu ticks
         6491 IO-wait cpu ticks
            0 IRQ cpu ticks
         6392 softirq cpu ticks
            0 stolen cpu ticks
      2235267 pages paged in
     16215841 pages paged out
            0 pages swapped in
            0 pages swapped out
     42159270 interrupts
     91956968 CPU context switches
   1713987315 boot time
       518289 forks
