     32530996 K total memory
      4220360 K used memory
      5448584 K active memory
      8624124 K inactive memory
     16885156 K free memory
       179048 K buffer memory
     11246432 K swap cache
      2097148 K total swap
            0 K used swap
      2097148 K free swap
       927065 non-nice user cpu ticks
          149 nice user cpu ticks
       300138 system cpu ticks
     26725201 idle cpu ticks
         6485 IO-wait cpu ticks
            0 IRQ cpu ticks
         6375 softirq cpu ticks
            0 stolen cpu ticks
      2235267 pages paged in
     16213813 pages paged out
            0 pages swapped in
            0 pages swapped out
     42058988 interrupts
     91864621 CPU context switches
   1713987315 boot time
       517531 forks
