     32530996 K total memory
      4219028 K used memory
      5444264 K active memory
      8624980 K inactive memory
     16877964 K free memory
       179156 K buffer memory
     11254848 K swap cache
      2097148 K total swap
            0 K used swap
      2097148 K free swap
       932066 non-nice user cpu ticks
          149 nice user cpu ticks
       301165 system cpu ticks
     26756418 idle cpu ticks
         6492 IO-wait cpu ticks
            0 IRQ cpu ticks
         6404 softirq cpu ticks
            0 stolen cpu ticks
      2235267 pages paged in
     16216353 pages paged out
            0 pages swapped in
            0 pages swapped out
     42193736 interrupts
     91996765 CPU context switches
   1713987315 boot time
       518524 forks
