     32530996 K total memory
      4274116 K used memory
      5511848 K active memory
      8675944 K inactive memory
     16763076 K free memory
       179868 K buffer memory
     11313936 K swap cache
      2097148 K total swap
            0 K used swap
      2097148 K free swap
       979997 non-nice user cpu ticks
          149 nice user cpu ticks
       307446 system cpu ticks
     27010006 idle cpu ticks
         6544 IO-wait cpu ticks
            0 IRQ cpu ticks
         6666 softirq cpu ticks
            0 stolen cpu ticks
      2235267 pages paged in
     16282313 pages paged out
            0 pages swapped in
            0 pages swapped out
     43363673 interrupts
     92439217 CPU context switches
   1713987315 boot time
       524572 forks
