     32530996 K total memory
      4237096 K used memory
      5468344 K active memory
      8675804 K inactive memory
     16808396 K free memory
       179852 K buffer memory
     11305652 K swap cache
      2097148 K total swap
            0 K used swap
      2097148 K free swap
       978744 non-nice user cpu ticks
          149 nice user cpu ticks
       307227 system cpu ticks
     27003217 idle cpu ticks
         6542 IO-wait cpu ticks
            0 IRQ cpu ticks
         6658 softirq cpu ticks
            0 stolen cpu ticks
      2235267 pages paged in
     16281541 pages paged out
            0 pages swapped in
            0 pages swapped out
     43328275 interrupts
     92415296 CPU context switches
   1713987315 boot time
       524325 forks
