     32530996 K total memory
      4208984 K used memory
      5432360 K active memory
      8624340 K inactive memory
     16895940 K free memory
       179080 K buffer memory
     11246992 K swap cache
      2097148 K total swap
            0 K used swap
      2097148 K free swap
       928522 non-nice user cpu ticks
          149 nice user cpu ticks
       300504 system cpu ticks
     26733741 idle cpu ticks
         6487 IO-wait cpu ticks
            0 IRQ cpu ticks
         6382 softirq cpu ticks
            0 stolen cpu ticks
      2235267 pages paged in
     16214549 pages paged out
            0 pages swapped in
            0 pages swapped out
     42094674 interrupts
     91892997 CPU context switches
   1713987315 boot time
       517800 forks
