     32530996 K total memory
      4210296 K used memory
      5434460 K active memory
      8624608 K inactive memory
     16894768 K free memory
       179124 K buffer memory
     11246808 K swap cache
      2097148 K total swap
            0 K used swap
      2097148 K free swap
       930058 non-nice user cpu ticks
          149 nice user cpu ticks
       300807 system cpu ticks
     26744399 idle cpu ticks
         6490 IO-wait cpu ticks
            0 IRQ cpu ticks
         6388 softirq cpu ticks
            0 stolen cpu ticks
      2235267 pages paged in
     16215341 pages paged out
            0 pages swapped in
            0 pages swapped out
     42135732 interrupts
     91929172 CPU context switches
   1713987315 boot time
       518146 forks
