     32530996 K total memory
      4297876 K used memory
      5534728 K active memory
      8676120 K inactive memory
     16737412 K free memory
       179912 K buffer memory
     11315796 K swap cache
      2097148 K total swap
            0 K used swap
      2097148 K free swap
       982649 non-nice user cpu ticks
          149 nice user cpu ticks
       307808 system cpu ticks
     27019229 idle cpu ticks
         6546 IO-wait cpu ticks
            0 IRQ cpu ticks
         6675 softirq cpu ticks
            0 stolen cpu ticks
      2235267 pages paged in
     16283493 pages paged out
            0 pages swapped in
            0 pages swapped out
     43414724 interrupts
     92472689 CPU context switches
   1713987315 boot time
       524870 forks
