     32530996 K total memory
      4224276 K used memory
      5451048 K active memory
      8622432 K inactive memory
     16879896 K free memory
       178740 K buffer memory
     11248084 K swap cache
      2097148 K total swap
            0 K used swap
      2097148 K free swap
       910870 non-nice user cpu ticks
          149 nice user cpu ticks
       297443 system cpu ticks
     26629903 idle cpu ticks
         6461 IO-wait cpu ticks
            0 IRQ cpu ticks
         6279 softirq cpu ticks
            0 stolen cpu ticks
      2235255 pages paged in
     15906985 pages paged out
            0 pages swapped in
            0 pages swapped out
     41663798 interrupts
     91500889 CPU context switches
   1713987315 boot time
       514723 forks
