     32530996 K total memory
      4231324 K used memory
      5459428 K active memory
      8623348 K inactive memory
     16871864 K free memory
       178892 K buffer memory
     11248916 K swap cache
      2097148 K total swap
            0 K used swap
      2097148 K free swap
       919422 non-nice user cpu ticks
          149 nice user cpu ticks
       298972 system cpu ticks
     26681075 idle cpu ticks
         6474 IO-wait cpu ticks
            0 IRQ cpu ticks
         6323 softirq cpu ticks
            0 stolen cpu ticks
      2235267 pages paged in
     16107481 pages paged out
            0 pages swapped in
            0 pages swapped out
     41871421 interrupts
     91677133 CPU context switches
   1713987315 boot time
       516210 forks
