     32530996 K total memory
      4272416 K used memory
      5502336 K active memory
      8675332 K inactive memory
     16776164 K free memory
       179652 K buffer memory
     11302764 K swap cache
      2097148 K total swap
            0 K used swap
      2097148 K free swap
       963971 non-nice user cpu ticks
          149 nice user cpu ticks
       305585 system cpu ticks
     26943285 idle cpu ticks
         6529 IO-wait cpu ticks
            0 IRQ cpu ticks
         6611 softirq cpu ticks
            0 stolen cpu ticks
      2235267 pages paged in
     16276921 pages paged out
            0 pages swapped in
            0 pages swapped out
     43079828 interrupts
     92284466 CPU context switches
   1713987315 boot time
       522767 forks
