     32530996 K total memory
      4218368 K used memory
      5432316 K active memory
      8623904 K inactive memory
     16889104 K free memory
       179000 K buffer memory
     11244524 K swap cache
      2097148 K total swap
            0 K used swap
      2097148 K free swap
       925852 non-nice user cpu ticks
          149 nice user cpu ticks
       299889 system cpu ticks
     26716401 idle cpu ticks
         6483 IO-wait cpu ticks
            0 IRQ cpu ticks
         6360 softirq cpu ticks
            0 stolen cpu ticks
      2235267 pages paged in
     16212357 pages paged out
            0 pages swapped in
            0 pages swapped out
     42024202 interrupts
     91833068 CPU context switches
   1713987315 boot time
       517276 forks
