     32530996 K total memory
      4229008 K used memory
      5455288 K active memory
      8623276 K inactive memory
     16877164 K free memory
       178892 K buffer memory
     11245932 K swap cache
      2097148 K total swap
            0 K used swap
      2097148 K free swap
       919139 non-nice user cpu ticks
          149 nice user cpu ticks
       298930 system cpu ticks
     26679349 idle cpu ticks
         6474 IO-wait cpu ticks
            0 IRQ cpu ticks
         6321 softirq cpu ticks
            0 stolen cpu ticks
      2235267 pages paged in
     16107077 pages paged out
            0 pages swapped in
            0 pages swapped out
     41864167 interrupts
     91671585 CPU context switches
   1713987315 boot time
       516164 forks
