     32530996 K total memory
      4210804 K used memory
      5431304 K active memory
      8624456 K inactive memory
     16893876 K free memory
       179100 K buffer memory
     11247216 K swap cache
      2097148 K total swap
            0 K used swap
      2097148 K free swap
       929197 non-nice user cpu ticks
          149 nice user cpu ticks
       300656 system cpu ticks
     26739116 idle cpu ticks
         6488 IO-wait cpu ticks
            0 IRQ cpu ticks
         6387 softirq cpu ticks
            0 stolen cpu ticks
      2235267 pages paged in
     16214745 pages paged out
            0 pages swapped in
            0 pages swapped out
     42115047 interrupts
     91909232 CPU context switches
   1713987315 boot time
       517963 forks
