     32530996 K total memory
      4264532 K used memory
      5492988 K active memory
      8622020 K inactive memory
     16864340 K free memory
       178520 K buffer memory
     11223604 K swap cache
      2097148 K total swap
            0 K used swap
      2097148 K free swap
       899714 non-nice user cpu ticks
          149 nice user cpu ticks
       295014 system cpu ticks
     26560570 idle cpu ticks
         6446 IO-wait cpu ticks
            0 IRQ cpu ticks
         6250 softirq cpu ticks
            0 stolen cpu ticks
      2235255 pages paged in
     15901245 pages paged out
            0 pages swapped in
            0 pages swapped out
     41398978 interrupts
     91373844 CPU context switches
   1713987315 boot time
       513068 forks
