     32530996 K total memory
      4237408 K used memory
      5466216 K active memory
      8622716 K inactive memory
     16869236 K free memory
       178772 K buffer memory
     11245580 K swap cache
      2097148 K total swap
            0 K used swap
      2097148 K free swap
       914062 non-nice user cpu ticks
          149 nice user cpu ticks
       297978 system cpu ticks
     26646532 idle cpu ticks
         6467 IO-wait cpu ticks
            0 IRQ cpu ticks
         6289 softirq cpu ticks
            0 stolen cpu ticks
      2235255 pages paged in
     16104737 pages paged out
            0 pages swapped in
            0 pages swapped out
     41731003 interrupts
     91579020 CPU context switches
   1713987315 boot time
       515212 forks
