     32530996 K total memory
      4243408 K used memory
      5467524 K active memory
      8622756 K inactive memory
     16863204 K free memory
       178776 K buffer memory
     11245608 K swap cache
      2097148 K total swap
            0 K used swap
      2097148 K free swap
       914269 non-nice user cpu ticks
          149 nice user cpu ticks
       298014 system cpu ticks
     26648340 idle cpu ticks
         6467 IO-wait cpu ticks
            0 IRQ cpu ticks
         6290 softirq cpu ticks
            0 stolen cpu ticks
      2235255 pages paged in
     16104769 pages paged out
            0 pages swapped in
            0 pages swapped out
     41737672 interrupts
     91583874 CPU context switches
   1713987315 boot time
       515259 forks
