     32530996 K total memory
      4259284 K used memory
      5496672 K active memory
      8675552 K inactive memory
     16784628 K free memory
       179684 K buffer memory
     11307400 K swap cache
      2097148 K total swap
            0 K used swap
      2097148 K free swap
       966446 non-nice user cpu ticks
          149 nice user cpu ticks
       305974 system cpu ticks
     26952877 idle cpu ticks
         6531 IO-wait cpu ticks
            0 IRQ cpu ticks
         6625 softirq cpu ticks
            0 stolen cpu ticks
      2235267 pages paged in
     16277921 pages paged out
            0 pages swapped in
            0 pages swapped out
     43133669 interrupts
     92330172 CPU context switches
   1713987315 boot time
       523096 forks
