     32530996 K total memory
      4241900 K used memory
      5462040 K active memory
      8623880 K inactive memory
     16864388 K free memory
       178996 K buffer memory
     11245712 K swap cache
      2097148 K total swap
            0 K used swap
      2097148 K free swap
       925642 non-nice user cpu ticks
          149 nice user cpu ticks
       299845 system cpu ticks
     26714602 idle cpu ticks
         6483 IO-wait cpu ticks
            0 IRQ cpu ticks
         6359 softirq cpu ticks
            0 stolen cpu ticks
      2235267 pages paged in
     16212357 pages paged out
            0 pages swapped in
            0 pages swapped out
     42016916 interrupts
     91826582 CPU context switches
   1713987315 boot time
       517209 forks
