     32530996 K total memory
      4113012 K used memory
      5323180 K active memory
      7632844 K inactive memory
     18031776 K free memory
       177100 K buffer memory
     10209108 K swap cache
      2097148 K total swap
            0 K used swap
      2097148 K free swap
       852707 non-nice user cpu ticks
          149 nice user cpu ticks
       287836 system cpu ticks
     26048143 idle cpu ticks
         6335 IO-wait cpu ticks
            0 IRQ cpu ticks
         5998 softirq cpu ticks
            0 stolen cpu ticks
      2235255 pages paged in
     14746305 pages paged out
            0 pages swapped in
            0 pages swapped out
     40258978 interrupts
     90402326 CPU context switches
   1713987315 boot time
       502125 forks
