     32530996 K total memory
      4257092 K used memory
      5495952 K active memory
      8622084 K inactive memory
     16840732 K free memory
       178528 K buffer memory
     11254644 K swap cache
      2097148 K total swap
            0 K used swap
      2097148 K free swap
       899919 non-nice user cpu ticks
          149 nice user cpu ticks
       295053 system cpu ticks
     26562373 idle cpu ticks
         6447 IO-wait cpu ticks
            0 IRQ cpu ticks
         6253 softirq cpu ticks
            0 stolen cpu ticks
      2235255 pages paged in
     15901709 pages paged out
            0 pages swapped in
            0 pages swapped out
     41405398 interrupts
     91379081 CPU context switches
   1713987315 boot time
       513138 forks
