     32530996 K total memory
      4237288 K used memory
      5473136 K active memory
      8622948 K inactive memory
     16865836 K free memory
       178808 K buffer memory
     11249064 K swap cache
      2097148 K total swap
            0 K used swap
      2097148 K free swap
       916208 non-nice user cpu ticks
          149 nice user cpu ticks
       298432 system cpu ticks
     26660349 idle cpu ticks
         6469 IO-wait cpu ticks
            0 IRQ cpu ticks
         6299 softirq cpu ticks
            0 stolen cpu ticks
      2235255 pages paged in
     16105305 pages paged out
            0 pages swapped in
            0 pages swapped out
     41787040 interrupts
     91620326 CPU context switches
   1713987315 boot time
       515616 forks
