     32530996 K total memory
      4249028 K used memory
      5486148 K active memory
      8676456 K inactive memory
     16795620 K free memory
       180008 K buffer memory
     11306340 K swap cache
      2097148 K total swap
            0 K used swap
      2097148 K free swap
       989923 non-nice user cpu ticks
          149 nice user cpu ticks
       308808 system cpu ticks
     27051548 idle cpu ticks
         6555 IO-wait cpu ticks
            0 IRQ cpu ticks
         6705 softirq cpu ticks
            0 stolen cpu ticks
      2235395 pages paged in
     16458321 pages paged out
            0 pages swapped in
            0 pages swapped out
     43582686 interrupts
     92553214 CPU context switches
   1713987315 boot time
       525780 forks
