     32530996 K total memory
      4288796 K used memory
      5531440 K active memory
      8676088 K inactive memory
     16746800 K free memory
       179904 K buffer memory
     11315496 K swap cache
      2097148 K total swap
            0 K used swap
      2097148 K free swap
       981283 non-nice user cpu ticks
          149 nice user cpu ticks
       307620 system cpu ticks
     27014691 idle cpu ticks
         6545 IO-wait cpu ticks
            0 IRQ cpu ticks
         6671 softirq cpu ticks
            0 stolen cpu ticks
      2235267 pages paged in
     16282853 pages paged out
            0 pages swapped in
            0 pages swapped out
     43390244 interrupts
     92461496 CPU context switches
   1713987315 boot time
       524725 forks
