     32530996 K total memory
      4233516 K used memory
      5457068 K active memory
      8622628 K inactive memory
     16871468 K free memory
       178752 K buffer memory
     11247260 K swap cache
      2097148 K total swap
            0 K used swap
      2097148 K free swap
       912131 non-nice user cpu ticks
          149 nice user cpu ticks
       297744 system cpu ticks
     26638566 idle cpu ticks
         6462 IO-wait cpu ticks
            0 IRQ cpu ticks
         6284 softirq cpu ticks
            0 stolen cpu ticks
      2235255 pages paged in
     15907621 pages paged out
            0 pages swapped in
            0 pages swapped out
     41697442 interrupts
     91527737 CPU context switches
   1713987315 boot time
       514992 forks
