     32530996 K total memory
      4250472 K used memory
      5467320 K active memory
      8623032 K inactive memory
     16857148 K free memory
       178836 K buffer memory
     11244540 K swap cache
      2097148 K total swap
            0 K used swap
      2097148 K free swap
       916677 non-nice user cpu ticks
          149 nice user cpu ticks
       298548 system cpu ticks
     26663887 idle cpu ticks
         6471 IO-wait cpu ticks
            0 IRQ cpu ticks
         6303 softirq cpu ticks
            0 stolen cpu ticks
      2235255 pages paged in
     16106185 pages paged out
            0 pages swapped in
            0 pages swapped out
     41801909 interrupts
     91631912 CPU context switches
   1713987315 boot time
       515729 forks
