     32530996 K total memory
      4278884 K used memory
      5517056 K active memory
      8676268 K inactive memory
     16754896 K free memory
       179936 K buffer memory
     11317280 K swap cache
      2097148 K total swap
            0 K used swap
      2097148 K free swap
       984012 non-nice user cpu ticks
          149 nice user cpu ticks
       308024 system cpu ticks
     27025909 idle cpu ticks
         6547 IO-wait cpu ticks
            0 IRQ cpu ticks
         6682 softirq cpu ticks
            0 stolen cpu ticks
      2235335 pages paged in
     16284401 pages paged out
            0 pages swapped in
            0 pages swapped out
     43451826 interrupts
     92497039 CPU context switches
   1713987315 boot time
       525107 forks
