     32530996 K total memory
      4204392 K used memory
      5434208 K active memory
      8624304 K inactive memory
     16900604 K free memory
       179076 K buffer memory
     11246924 K swap cache
      2097148 K total swap
            0 K used swap
      2097148 K free swap
       928258 non-nice user cpu ticks
          149 nice user cpu ticks
       300372 system cpu ticks
     26732065 idle cpu ticks
         6487 IO-wait cpu ticks
            0 IRQ cpu ticks
         6381 softirq cpu ticks
            0 stolen cpu ticks
      2235267 pages paged in
     16214253 pages paged out
            0 pages swapped in
            0 pages swapped out
     42088354 interrupts
     91887997 CPU context switches
   1713987315 boot time
       517762 forks
