     32530996 K total memory
      4260796 K used memory
      5494300 K active memory
      8676044 K inactive memory
     16783420 K free memory
       179672 K buffer memory
     11307108 K swap cache
      2097148 K total swap
            0 K used swap
      2097148 K free swap
       965720 non-nice user cpu ticks
          149 nice user cpu ticks
       305844 system cpu ticks
     26949565 idle cpu ticks
         6531 IO-wait cpu ticks
            0 IRQ cpu ticks
         6622 softirq cpu ticks
            0 stolen cpu ticks
      2235267 pages paged in
     16277421 pages paged out
            0 pages swapped in
            0 pages swapped out
     43115603 interrupts
     92318305 CPU context switches
   1713987315 boot time
       522978 forks
