     32530996 K total memory
      4257708 K used memory
      5497444 K active memory
      8675420 K inactive memory
     16790480 K free memory
       179668 K buffer memory
     11303140 K swap cache
      2097148 K total swap
            0 K used swap
      2097148 K free swap
       964720 non-nice user cpu ticks
          149 nice user cpu ticks
       305720 system cpu ticks
     26946596 idle cpu ticks
         6530 IO-wait cpu ticks
            0 IRQ cpu ticks
         6615 softirq cpu ticks
            0 stolen cpu ticks
      2235267 pages paged in
     16277213 pages paged out
            0 pages swapped in
            0 pages swapped out
     43098401 interrupts
     92295918 CPU context switches
   1713987315 boot time
       522891 forks
