     32530996 K total memory
      4240988 K used memory
      5471104 K active memory
      8623588 K inactive memory
     16866260 K free memory
       178960 K buffer memory
     11244788 K swap cache
      2097148 K total swap
            0 K used swap
      2097148 K free swap
       923182 non-nice user cpu ticks
          149 nice user cpu ticks
       299456 system cpu ticks
     26698995 idle cpu ticks
         6478 IO-wait cpu ticks
            0 IRQ cpu ticks
         6346 softirq cpu ticks
            0 stolen cpu ticks
      2235267 pages paged in
     16109273 pages paged out
            0 pages swapped in
            0 pages swapped out
     41953053 interrupts
     91774268 CPU context switches
   1713987315 boot time
       516734 forks
