     32530996 K total memory
      4212308 K used memory
      5434660 K active memory
      8624216 K inactive memory
     16893200 K free memory
       179076 K buffer memory
     11246412 K swap cache
      2097148 K total swap
            0 K used swap
      2097148 K free swap
       927678 non-nice user cpu ticks
          149 nice user cpu ticks
       300267 system cpu ticks
     26728577 idle cpu ticks
         6486 IO-wait cpu ticks
            0 IRQ cpu ticks
         6379 softirq cpu ticks
            0 stolen cpu ticks
      2235267 pages paged in
     16214109 pages paged out
            0 pages swapped in
            0 pages swapped out
     42073349 interrupts
     91876698 CPU context switches
   1713987315 boot time
       517643 forks
