     32530996 K total memory
      4225780 K used memory
      5458532 K active memory
      8622664 K inactive memory
     16878144 K free memory
       178756 K buffer memory
     11248316 K swap cache
      2097148 K total swap
            0 K used swap
      2097148 K free swap
       912421 non-nice user cpu ticks
          149 nice user cpu ticks
       297794 system cpu ticks
     26640299 idle cpu ticks
         6463 IO-wait cpu ticks
            0 IRQ cpu ticks
         6285 softirq cpu ticks
            0 stolen cpu ticks
      2235255 pages paged in
     15907621 pages paged out
            0 pages swapped in
            0 pages swapped out
     41704492 interrupts
     91533392 CPU context switches
   1713987315 boot time
       515038 forks
