     32530996 K total memory
      4114924 K used memory
      5330804 K active memory
      7632892 K inactive memory
     18016628 K free memory
       177124 K buffer memory
     10222320 K swap cache
      2097148 K total swap
            0 K used swap
      2097148 K free swap
       852817 non-nice user cpu ticks
          149 nice user cpu ticks
       287862 system cpu ticks
     26050049 idle cpu ticks
         6336 IO-wait cpu ticks
            0 IRQ cpu ticks
         5999 softirq cpu ticks
            0 stolen cpu ticks
      2235255 pages paged in
     14746641 pages paged out
            0 pages swapped in
            0 pages swapped out
     40264535 interrupts
     90414276 CPU context switches
   1713987315 boot time
       502198 forks
