     32530996 K total memory
      4228760 K used memory
      5466496 K active memory
      8623920 K inactive memory
     16878712 K free memory
       178948 K buffer memory
     11244576 K swap cache
      2097148 K total swap
            0 K used swap
      2097148 K free swap
       922646 non-nice user cpu ticks
          149 nice user cpu ticks
       299366 system cpu ticks
     26695486 idle cpu ticks
         6477 IO-wait cpu ticks
            0 IRQ cpu ticks
         6339 softirq cpu ticks
            0 stolen cpu ticks
      2235267 pages paged in
     16108597 pages paged out
            0 pages swapped in
            0 pages swapped out
     41939507 interrupts
     91763409 CPU context switches
   1713987315 boot time
       516636 forks
