     32530996 K total memory
      4279368 K used memory
      5515392 K active memory
      8676240 K inactive memory
     16754824 K free memory
       179932 K buffer memory
     11316872 K swap cache
      2097148 K total swap
            0 K used swap
      2097148 K free swap
       983709 non-nice user cpu ticks
          149 nice user cpu ticks
       307970 system cpu ticks
     27024204 idle cpu ticks
         6547 IO-wait cpu ticks
            0 IRQ cpu ticks
         6679 softirq cpu ticks
            0 stolen cpu ticks
      2235335 pages paged in
     16284401 pages paged out
            0 pages swapped in
            0 pages swapped out
     43442980 interrupts
     92491535 CPU context switches
   1713987315 boot time
       525036 forks
