     32530996 K total memory
      4209316 K used memory
      5444080 K active memory
      8624816 K inactive memory
     16889628 K free memory
       179144 K buffer memory
     11252908 K swap cache
      2097148 K total swap
            0 K used swap
      2097148 K free swap
       931553 non-nice user cpu ticks
          149 nice user cpu ticks
       301053 system cpu ticks
     26752890 idle cpu ticks
         6491 IO-wait cpu ticks
            0 IRQ cpu ticks
         6400 softirq cpu ticks
            0 stolen cpu ticks
      2235267 pages paged in
     16216185 pages paged out
            0 pages swapped in
            0 pages swapped out
     42177537 interrupts
     91980995 CPU context switches
   1713987315 boot time
       518407 forks
