     32530996 K total memory
      4277788 K used memory
      5511468 K active memory
      8676292 K inactive memory
     16758528 K free memory
       179936 K buffer memory
     11314744 K swap cache
      2097148 K total swap
            0 K used swap
      2097148 K free swap
       984337 non-nice user cpu ticks
          149 nice user cpu ticks
       308070 system cpu ticks
     27027604 idle cpu ticks
         6548 IO-wait cpu ticks
            0 IRQ cpu ticks
         6685 softirq cpu ticks
            0 stolen cpu ticks
      2235335 pages paged in
     16284401 pages paged out
            0 pages swapped in
            0 pages swapped out
     43460449 interrupts
     92502289 CPU context switches
   1713987315 boot time
       525149 forks
