     32530996 K total memory
      4240208 K used memory
      5473488 K active memory
      8622892 K inactive memory
     16862588 K free memory
       178804 K buffer memory
     11249396 K swap cache
      2097148 K total swap
            0 K used swap
      2097148 K free swap
       915560 non-nice user cpu ticks
          149 nice user cpu ticks
       298302 system cpu ticks
     26657050 idle cpu ticks
         6469 IO-wait cpu ticks
            0 IRQ cpu ticks
         6295 softirq cpu ticks
            0 stolen cpu ticks
      2235255 pages paged in
     16105305 pages paged out
            0 pages swapped in
            0 pages swapped out
     41772355 interrupts
     91609914 CPU context switches
   1713987315 boot time
       515529 forks
