     32530996 K total memory
      4192024 K used memory
      5400332 K active memory
      8236172 K inactive memory
     17322232 K free memory
       178032 K buffer memory
     10838708 K swap cache
      2097148 K total swap
            0 K used swap
      2097148 K free swap
       876298 non-nice user cpu ticks
          149 nice user cpu ticks
       291032 system cpu ticks
     26352532 idle cpu ticks
         6401 IO-wait cpu ticks
            0 IRQ cpu ticks
         6112 softirq cpu ticks
            0 stolen cpu ticks
      2235255 pages paged in
     15392973 pages paged out
            0 pages swapped in
            0 pages swapped out
     40844177 interrupts
     90949681 CPU context switches
   1713987315 boot time
       508523 forks
