     32530996 K total memory
      4230244 K used memory
      5455672 K active memory
      8622520 K inactive memory
     16873512 K free memory
       178744 K buffer memory
     11248496 K swap cache
      2097148 K total swap
            0 K used swap
      2097148 K free swap
       911670 non-nice user cpu ticks
          149 nice user cpu ticks
       297653 system cpu ticks
     26635010 idle cpu ticks
         6462 IO-wait cpu ticks
            0 IRQ cpu ticks
         6281 softirq cpu ticks
            0 stolen cpu ticks
      2235255 pages paged in
     15906985 pages paged out
            0 pages swapped in
            0 pages swapped out
     41684364 interrupts
     91516991 CPU context switches
   1713987315 boot time
       514878 forks
