     32530996 K total memory
      4205228 K used memory
      5431296 K active memory
      8624368 K inactive memory
     16899732 K free memory
       179084 K buffer memory
     11246952 K swap cache
      2097148 K total swap
            0 K used swap
      2097148 K free swap
       928768 non-nice user cpu ticks
          149 nice user cpu ticks
       300546 system cpu ticks
     26735542 idle cpu ticks
         6488 IO-wait cpu ticks
            0 IRQ cpu ticks
         6384 softirq cpu ticks
            0 stolen cpu ticks
      2235267 pages paged in
     16214673 pages paged out
            0 pages swapped in
            0 pages swapped out
     42101620 interrupts
     91899220 CPU context switches
   1713987315 boot time
       517850 forks
