     32530996 K total memory
      4235856 K used memory
      5461240 K active memory
      8623852 K inactive memory
     16870976 K free memory
       178996 K buffer memory
     11245168 K swap cache
      2097148 K total swap
            0 K used swap
      2097148 K free swap
       925435 non-nice user cpu ticks
          149 nice user cpu ticks
       299807 system cpu ticks
     26712794 idle cpu ticks
         6482 IO-wait cpu ticks
            0 IRQ cpu ticks
         6357 softirq cpu ticks
            0 stolen cpu ticks
      2235267 pages paged in
     16211209 pages paged out
            0 pages swapped in
            0 pages swapped out
     42010027 interrupts
     91821532 CPU context switches
   1713987315 boot time
       517162 forks
