     32530996 K total memory
      4241440 K used memory
      5467840 K active memory
      8623760 K inactive memory
     16862040 K free memory
       178976 K buffer memory
     11248540 K swap cache
      2097148 K total swap
            0 K used swap
      2097148 K free swap
       924463 non-nice user cpu ticks
          149 nice user cpu ticks
       299692 system cpu ticks
     26707765 idle cpu ticks
         6480 IO-wait cpu ticks
            0 IRQ cpu ticks
         6356 softirq cpu ticks
            0 stolen cpu ticks
      2235267 pages paged in
     16109729 pages paged out
            0 pages swapped in
            0 pages swapped out
     41989735 interrupts
     91802607 CPU context switches
   1713987315 boot time
       517019 forks
