     32530996 K total memory
      4224100 K used memory
      5452716 K active memory
      8623152 K inactive memory
     16883160 K free memory
       178880 K buffer memory
     11244856 K swap cache
      2097148 K total swap
            0 K used swap
      2097148 K free swap
       918546 non-nice user cpu ticks
          149 nice user cpu ticks
       298827 system cpu ticks
     26675907 idle cpu ticks
         6473 IO-wait cpu ticks
            0 IRQ cpu ticks
         6317 softirq cpu ticks
            0 stolen cpu ticks
      2235255 pages paged in
     16106905 pages paged out
            0 pages swapped in
            0 pages swapped out
     41849917 interrupts
     91659332 CPU context switches
   1713987315 boot time
       516044 forks
