     32530996 K total memory
      4227372 K used memory
      5457940 K active memory
      8622124 K inactive memory
     16879308 K free memory
       178548 K buffer memory
     11245768 K swap cache
      2097148 K total swap
            0 K used swap
      2097148 K free swap
       900220 non-nice user cpu ticks
          149 nice user cpu ticks
       295101 system cpu ticks
     26564105 idle cpu ticks
         6448 IO-wait cpu ticks
            0 IRQ cpu ticks
         6254 softirq cpu ticks
            0 stolen cpu ticks
      2235255 pages paged in
     15901933 pages paged out
            0 pages swapped in
            0 pages swapped out
     41413535 interrupts
     91386359 CPU context switches
   1713987315 boot time
       513189 forks
