     32530996 K total memory
      4239660 K used memory
      5475172 K active memory
      8623404 K inactive memory
     16863860 K free memory
       178896 K buffer memory
     11248580 K swap cache
      2097148 K total swap
            0 K used swap
      2097148 K free swap
       920261 non-nice user cpu ticks
          149 nice user cpu ticks
       299114 system cpu ticks
     26686214 idle cpu ticks
         6475 IO-wait cpu ticks
            0 IRQ cpu ticks
         6327 softirq cpu ticks
            0 stolen cpu ticks
      2235267 pages paged in
     16107585 pages paged out
            0 pages swapped in
            0 pages swapped out
     41891813 interrupts
     91696625 CPU context switches
   1713987315 boot time
       516394 forks
