     32530996 K total memory
      4238948 K used memory
      5465648 K active memory
      8623708 K inactive memory
     16865308 K free memory
       178964 K buffer memory
     11247776 K swap cache
      2097148 K total swap
            0 K used swap
      2097148 K free swap
       924196 non-nice user cpu ticks
          149 nice user cpu ticks
       299648 system cpu ticks
     26706026 idle cpu ticks
         6479 IO-wait cpu ticks
            0 IRQ cpu ticks
         6355 softirq cpu ticks
            0 stolen cpu ticks
      2235267 pages paged in
     16109569 pages paged out
            0 pages swapped in
            0 pages swapped out
     41981933 interrupts
     91796496 CPU context switches
   1713987315 boot time
       516969 forks
