     32530996 K total memory
      4218728 K used memory
      5444680 K active memory
      8625016 K inactive memory
     16877716 K free memory
       179168 K buffer memory
     11255384 K swap cache
      2097148 K total swap
            0 K used swap
      2097148 K free swap
       932280 non-nice user cpu ticks
          149 nice user cpu ticks
       301205 system cpu ticks
     26758210 idle cpu ticks
         6493 IO-wait cpu ticks
            0 IRQ cpu ticks
         6406 softirq cpu ticks
            0 stolen cpu ticks
      2235267 pages paged in
     16216633 pages paged out
            0 pages swapped in
            0 pages swapped out
     42200545 interrupts
     92003359 CPU context switches
   1713987315 boot time
       518572 forks
