     32530996 K total memory
      4263292 K used memory
      5495608 K active memory
      8675508 K inactive memory
     16780536 K free memory
       179680 K buffer memory
     11307488 K swap cache
      2097148 K total swap
            0 K used swap
      2097148 K free swap
       966077 non-nice user cpu ticks
          149 nice user cpu ticks
       305907 system cpu ticks
     26951211 idle cpu ticks
         6531 IO-wait cpu ticks
            0 IRQ cpu ticks
         6624 softirq cpu ticks
            0 stolen cpu ticks
      2235267 pages paged in
     16277629 pages paged out
            0 pages swapped in
            0 pages swapped out
     43125015 interrupts
     92324668 CPU context switches
   1713987315 boot time
       523047 forks
