     32530996 K total memory
      4275640 K used memory
      5511764 K active memory
      8676320 K inactive memory
     16760088 K free memory
       179940 K buffer memory
     11315328 K swap cache
      2097148 K total swap
            0 K used swap
      2097148 K free swap
       984646 non-nice user cpu ticks
          149 nice user cpu ticks
       308126 system cpu ticks
     27029314 idle cpu ticks
         6548 IO-wait cpu ticks
            0 IRQ cpu ticks
         6686 softirq cpu ticks
            0 stolen cpu ticks
      2235335 pages paged in
     16284401 pages paged out
            0 pages swapped in
            0 pages swapped out
     43469328 interrupts
     92507179 CPU context switches
   1713987315 boot time
       525197 forks
