     32530996 K total memory
      4241844 K used memory
      5466220 K active memory
      8624112 K inactive memory
     16862328 K free memory
       178992 K buffer memory
     11247832 K swap cache
      2097148 K total swap
            0 K used swap
      2097148 K free swap
       925146 non-nice user cpu ticks
          149 nice user cpu ticks
       299763 system cpu ticks
     26711052 idle cpu ticks
         6482 IO-wait cpu ticks
            0 IRQ cpu ticks
         6357 softirq cpu ticks
            0 stolen cpu ticks
      2235267 pages paged in
     16211209 pages paged out
            0 pages swapped in
            0 pages swapped out
     42002426 interrupts
     91816088 CPU context switches
   1713987315 boot time
       517117 forks
