     32530996 K total memory
      4167232 K used memory
      5392096 K active memory
      8236240 K inactive memory
     17352724 K free memory
       178048 K buffer memory
     10832992 K swap cache
      2097148 K total swap
            0 K used swap
      2097148 K free swap
       877224 non-nice user cpu ticks
          149 nice user cpu ticks
       291274 system cpu ticks
     26359483 idle cpu ticks
         6403 IO-wait cpu ticks
            0 IRQ cpu ticks
         6118 softirq cpu ticks
            0 stolen cpu ticks
      2235255 pages paged in
     15393701 pages paged out
            0 pages swapped in
            0 pages swapped out
     40873331 interrupts
     91000488 CPU context switches
   1713987315 boot time
       508724 forks
