     32530996 K total memory
      4238276 K used memory
      5456144 K active memory
      8622560 K inactive memory
     16865864 K free memory
       178744 K buffer memory
     11248112 K swap cache
      2097148 K total swap
            0 K used swap
      2097148 K free swap
       911901 non-nice user cpu ticks
          149 nice user cpu ticks
       297695 system cpu ticks
     26636793 idle cpu ticks
         6462 IO-wait cpu ticks
            0 IRQ cpu ticks
         6282 softirq cpu ticks
            0 stolen cpu ticks
      2235255 pages paged in
     15906985 pages paged out
            0 pages swapped in
            0 pages swapped out
     41690634 interrupts
     91522041 CPU context switches
   1713987315 boot time
       514944 forks
