     32530996 K total memory
      4208504 K used memory
      5433992 K active memory
      8624260 K inactive memory
     16896604 K free memory
       179076 K buffer memory
     11246812 K swap cache
      2097148 K total swap
            0 K used swap
      2097148 K free swap
       927923 non-nice user cpu ticks
          149 nice user cpu ticks
       300324 system cpu ticks
     26730358 idle cpu ticks
         6486 IO-wait cpu ticks
            0 IRQ cpu ticks
         6381 softirq cpu ticks
            0 stolen cpu ticks
      2235267 pages paged in
     16214109 pages paged out
            0 pages swapped in
            0 pages swapped out
     42080909 interrupts
     91882850 CPU context switches
   1713987315 boot time
       517693 forks
