     32530996 K total memory
      4251880 K used memory
      5473432 K active memory
      8675864 K inactive memory
     16795200 K free memory
       179856 K buffer memory
     11304060 K swap cache
      2097148 K total swap
            0 K used swap
      2097148 K free swap
       979358 non-nice user cpu ticks
          149 nice user cpu ticks
       307335 system cpu ticks
     27006675 idle cpu ticks
         6543 IO-wait cpu ticks
            0 IRQ cpu ticks
         6662 softirq cpu ticks
            0 stolen cpu ticks
      2235267 pages paged in
     16281673 pages paged out
            0 pages swapped in
            0 pages swapped out
     43346713 interrupts
     92425790 CPU context switches
   1713987315 boot time
       524465 forks
