     32530996 K total memory
      4208416 K used memory
      5431660 K active memory
      8624368 K inactive memory
     16896528 K free memory
       179100 K buffer memory
     11246952 K swap cache
      2097148 K total swap
            0 K used swap
      2097148 K free swap
       928773 non-nice user cpu ticks
          149 nice user cpu ticks
       300548 system cpu ticks
     26735588 idle cpu ticks
         6488 IO-wait cpu ticks
            0 IRQ cpu ticks
         6384 softirq cpu ticks
            0 stolen cpu ticks
      2235267 pages paged in
     16214745 pages paged out
            0 pages swapped in
            0 pages swapped out
     42101814 interrupts
     91899356 CPU context switches
   1713987315 boot time
       517856 forks
