     32530996 K total memory
      4274784 K used memory
      5512248 K active memory
      8675944 K inactive memory
     16762408 K free memory
       179868 K buffer memory
     11313936 K swap cache
      2097148 K total swap
            0 K used swap
      2097148 K free swap
       980008 non-nice user cpu ticks
          149 nice user cpu ticks
       307449 system cpu ticks
     27010056 idle cpu ticks
         6544 IO-wait cpu ticks
            0 IRQ cpu ticks
         6666 softirq cpu ticks
            0 stolen cpu ticks
      2235267 pages paged in
     16282313 pages paged out
            0 pages swapped in
            0 pages swapped out
     43363882 interrupts
     92439461 CPU context switches
   1713987315 boot time
       524578 forks
