     32530996 K total memory
      4203860 K used memory
      5433636 K active memory
      8624668 K inactive memory
     16900712 K free memory
       179120 K buffer memory
     11247304 K swap cache
      2097148 K total swap
            0 K used swap
      2097148 K free swap
       929830 non-nice user cpu ticks
          149 nice user cpu ticks
       300764 system cpu ticks
     26742668 idle cpu ticks
         6489 IO-wait cpu ticks
            0 IRQ cpu ticks
         6388 softirq cpu ticks
            0 stolen cpu ticks
      2235267 pages paged in
     16215341 pages paged out
            0 pages swapped in
            0 pages swapped out
     42128917 interrupts
     91924184 CPU context switches
   1713987315 boot time
       518102 forks
