     32530996 K total memory
      4221024 K used memory
      5442036 K active memory
      8625188 K inactive memory
     16882668 K free memory
       179120 K buffer memory
     11248184 K swap cache
      2097148 K total swap
            0 K used swap
      2097148 K free swap
       929504 non-nice user cpu ticks
          149 nice user cpu ticks
       300710 system cpu ticks
     26740988 idle cpu ticks
         6489 IO-wait cpu ticks
            0 IRQ cpu ticks
         6388 softirq cpu ticks
            0 stolen cpu ticks
      2235267 pages paged in
     16215037 pages paged out
            0 pages swapped in
            0 pages swapped out
     42122314 interrupts
     91915642 CPU context switches
   1713987315 boot time
       518054 forks
