     32530996 K total memory
      4250276 K used memory
      5471944 K active memory
      8623652 K inactive memory
     16856448 K free memory
       178964 K buffer memory
     11245308 K swap cache
      2097148 K total swap
            0 K used swap
      2097148 K free swap
       923690 non-nice user cpu ticks
          149 nice user cpu ticks
       299539 system cpu ticks
     26702584 idle cpu ticks
         6478 IO-wait cpu ticks
            0 IRQ cpu ticks
         6352 softirq cpu ticks
            0 stolen cpu ticks
      2235267 pages paged in
     16109273 pages paged out
            0 pages swapped in
            0 pages swapped out
     41968658 interrupts
     91785377 CPU context switches
   1713987315 boot time
       516854 forks
