     32530996 K total memory
      4246956 K used memory
      5467692 K active memory
      8623760 K inactive memory
     16856524 K free memory
       178976 K buffer memory
     11248540 K swap cache
      2097148 K total swap
            0 K used swap
      2097148 K free swap
       924470 non-nice user cpu ticks
          149 nice user cpu ticks
       299693 system cpu ticks
     26707811 idle cpu ticks
         6480 IO-wait cpu ticks
            0 IRQ cpu ticks
         6356 softirq cpu ticks
            0 stolen cpu ticks
      2235267 pages paged in
     16109729 pages paged out
            0 pages swapped in
            0 pages swapped out
     41989930 interrupts
     91802725 CPU context switches
   1713987315 boot time
       517025 forks
