     32530996 K total memory
      4173316 K used memory
      5394008 K active memory
      8235836 K inactive memory
     17340964 K free memory
       177804 K buffer memory
     10838912 K swap cache
      2097148 K total swap
            0 K used swap
      2097148 K free swap
       865521 non-nice user cpu ticks
          149 nice user cpu ticks
       290014 system cpu ticks
     26256869 idle cpu ticks
         6380 IO-wait cpu ticks
            0 IRQ cpu ticks
         6068 softirq cpu ticks
            0 stolen cpu ticks
      2235255 pages paged in
     15387081 pages paged out
            0 pages swapped in
            0 pages swapped out
     40525782 interrupts
     90793194 CPU context switches
   1713987315 boot time
       506459 forks
