     32530996 K total memory
      4218248 K used memory
      5451268 K active memory
      8622436 K inactive memory
     16885920 K free memory
       178740 K buffer memory
     11248088 K swap cache
      2097148 K total swap
            0 K used swap
      2097148 K free swap
       910880 non-nice user cpu ticks
          149 nice user cpu ticks
       297444 system cpu ticks
     26629960 idle cpu ticks
         6461 IO-wait cpu ticks
            0 IRQ cpu ticks
         6279 softirq cpu ticks
            0 stolen cpu ticks
      2235255 pages paged in
     15906985 pages paged out
            0 pages swapped in
            0 pages swapped out
     41664195 interrupts
     91501036 CPU context switches
   1713987315 boot time
       514729 forks
