     32530996 K total memory
      4260392 K used memory
      5476248 K active memory
      8623036 K inactive memory
     16847224 K free memory
       178836 K buffer memory
     11244544 K swap cache
      2097148 K total swap
            0 K used swap
      2097148 K free swap
       916686 non-nice user cpu ticks
          149 nice user cpu ticks
       298552 system cpu ticks
     26663953 idle cpu ticks
         6471 IO-wait cpu ticks
            0 IRQ cpu ticks
         6304 softirq cpu ticks
            0 stolen cpu ticks
      2235255 pages paged in
     16106185 pages paged out
            0 pages swapped in
            0 pages swapped out
     41802133 interrupts
     91632039 CPU context switches
   1713987315 boot time
       515735 forks
