     32530996 K total memory
      4212596 K used memory
      5436580 K active memory
      8624676 K inactive memory
     16886296 K free memory
       179140 K buffer memory
     11252964 K swap cache
      2097148 K total swap
            0 K used swap
      2097148 K free swap
       930724 non-nice user cpu ticks
          149 nice user cpu ticks
       300902 system cpu ticks
     26747729 idle cpu ticks
         6490 IO-wait cpu ticks
            0 IRQ cpu ticks
         6390 softirq cpu ticks
            0 stolen cpu ticks
      2235267 pages paged in
     16215661 pages paged out
            0 pages swapped in
            0 pages swapped out
     42151285 interrupts
     91948224 CPU context switches
   1713987315 boot time
       518250 forks
