     32530996 K total memory
      4243552 K used memory
      5484120 K active memory
      8677436 K inactive memory
     16799660 K free memory
       180012 K buffer memory
     11307772 K swap cache
      2097148 K total swap
            0 K used swap
      2097148 K free swap
       990283 non-nice user cpu ticks
          149 nice user cpu ticks
       308864 system cpu ticks
     27053259 idle cpu ticks
         6555 IO-wait cpu ticks
            0 IRQ cpu ticks
         6708 softirq cpu ticks
            0 stolen cpu ticks
      2235395 pages paged in
     16459377 pages paged out
            0 pages swapped in
            0 pages swapped out
     43592339 interrupts
     92559132 CPU context switches
   1713987315 boot time
       525831 forks
