     32530996 K total memory
      4284408 K used memory
      5515392 K active memory
      8676240 K inactive memory
     16749784 K free memory
       179936 K buffer memory
     11316868 K swap cache
      2097148 K total swap
            0 K used swap
      2097148 K free swap
       983719 non-nice user cpu ticks
          149 nice user cpu ticks
       307973 system cpu ticks
     27024254 idle cpu ticks
         6547 IO-wait cpu ticks
            0 IRQ cpu ticks
         6680 softirq cpu ticks
            0 stolen cpu ticks
      2235335 pages paged in
     16284401 pages paged out
            0 pages swapped in
            0 pages swapped out
     43443125 interrupts
     92491728 CPU context switches
   1713987315 boot time
       525042 forks
