     32530996 K total memory
      4261524 K used memory
      5491764 K active memory
      8676432 K inactive memory
     16782764 K free memory
       180008 K buffer memory
     11306700 K swap cache
      2097148 K total swap
            0 K used swap
      2097148 K free swap
       989550 non-nice user cpu ticks
          149 nice user cpu ticks
       308754 system cpu ticks
     27049976 idle cpu ticks
         6555 IO-wait cpu ticks
            0 IRQ cpu ticks
         6703 softirq cpu ticks
            0 stolen cpu ticks
      2235395 pages paged in
     16458321 pages paged out
            0 pages swapped in
            0 pages swapped out
     43573566 interrupts
     92545567 CPU context switches
   1713987315 boot time
       525736 forks
