     32530996 K total memory
      4241692 K used memory
      5460624 K active memory
      8622204 K inactive memory
     16864892 K free memory
       178624 K buffer memory
     11245788 K swap cache
      2097148 K total swap
            0 K used swap
      2097148 K free swap
       905268 non-nice user cpu ticks
          149 nice user cpu ticks
       296227 system cpu ticks
     26594753 idle cpu ticks
         6453 IO-wait cpu ticks
            0 IRQ cpu ticks
         6265 softirq cpu ticks
            0 stolen cpu ticks
      2235255 pages paged in
     15904001 pages paged out
            0 pages swapped in
            0 pages swapped out
     41529517 interrupts
     91436864 CPU context switches
   1713987315 boot time
       513883 forks
