     32530996 K total memory
      4300504 K used memory
      5534716 K active memory
      8676124 K inactive memory
     16734780 K free memory
       179912 K buffer memory
     11315800 K swap cache
      2097148 K total swap
            0 K used swap
      2097148 K free swap
       982660 non-nice user cpu ticks
          149 nice user cpu ticks
       307811 system cpu ticks
     27019279 idle cpu ticks
         6546 IO-wait cpu ticks
            0 IRQ cpu ticks
         6675 softirq cpu ticks
            0 stolen cpu ticks
      2235267 pages paged in
     16283493 pages paged out
            0 pages swapped in
            0 pages swapped out
     43414928 interrupts
     92472815 CPU context switches
   1713987315 boot time
       524876 forks
