     32530996 K total memory
      4248788 K used memory
      5467152 K active memory
      8622788 K inactive memory
     16856320 K free memory
       178776 K buffer memory
     11247112 K swap cache
      2097148 K total swap
            0 K used swap
      2097148 K free swap
       914520 non-nice user cpu ticks
          149 nice user cpu ticks
       298058 system cpu ticks
     26650234 idle cpu ticks
         6467 IO-wait cpu ticks
            0 IRQ cpu ticks
         6290 softirq cpu ticks
            0 stolen cpu ticks
      2235255 pages paged in
     16104769 pages paged out
            0 pages swapped in
            0 pages swapped out
     41745298 interrupts
     91589700 CPU context switches
   1713987315 boot time
       515314 forks
