     32530996 K total memory
      4214868 K used memory
      5432560 K active memory
      8623904 K inactive memory
     16892376 K free memory
       179008 K buffer memory
     11244744 K swap cache
      2097148 K total swap
            0 K used swap
      2097148 K free swap
       925856 non-nice user cpu ticks
          149 nice user cpu ticks
       299892 system cpu ticks
     26716447 idle cpu ticks
         6483 IO-wait cpu ticks
            0 IRQ cpu ticks
         6361 softirq cpu ticks
            0 stolen cpu ticks
      2235267 pages paged in
     16212561 pages paged out
            0 pages swapped in
            0 pages swapped out
     42024355 interrupts
     91833188 CPU context switches
   1713987315 boot time
       517282 forks
