     32530996 K total memory
      4238792 K used memory
      5465636 K active memory
      8623688 K inactive memory
     16865612 K free memory
       178964 K buffer memory
     11247628 K swap cache
      2097148 K total swap
            0 K used swap
      2097148 K free swap
       923992 non-nice user cpu ticks
          149 nice user cpu ticks
       299608 system cpu ticks
     26704270 idle cpu ticks
         6479 IO-wait cpu ticks
            0 IRQ cpu ticks
         6353 softirq cpu ticks
            0 stolen cpu ticks
      2235267 pages paged in
     16109273 pages paged out
            0 pages swapped in
            0 pages swapped out
     41975297 interrupts
     91791681 CPU context switches
   1713987315 boot time
       516908 forks
