     32530996 K total memory
      4222324 K used memory
      5444872 K active memory
      8624092 K inactive memory
     16883684 K free memory
       179044 K buffer memory
     11245944 K swap cache
      2097148 K total swap
            0 K used swap
      2097148 K free swap
       926868 non-nice user cpu ticks
          149 nice user cpu ticks
       300090 system cpu ticks
     26723451 idle cpu ticks
         6485 IO-wait cpu ticks
            0 IRQ cpu ticks
         6374 softirq cpu ticks
            0 stolen cpu ticks
      2235267 pages paged in
     16213809 pages paged out
            0 pages swapped in
            0 pages swapped out
     42051971 interrupts
     91859701 CPU context switches
   1713987315 boot time
       517489 forks
