     32530996 K total memory
      4243260 K used memory
      5470712 K active memory
      8675828 K inactive memory
     16804360 K free memory
       179856 K buffer memory
     11303520 K swap cache
      2097148 K total swap
            0 K used swap
      2097148 K free swap
       979055 non-nice user cpu ticks
          149 nice user cpu ticks
       307281 system cpu ticks
     27004974 idle cpu ticks
         6543 IO-wait cpu ticks
            0 IRQ cpu ticks
         6660 softirq cpu ticks
            0 stolen cpu ticks
      2235267 pages paged in
     16281541 pages paged out
            0 pages swapped in
            0 pages swapped out
     43337390 interrupts
     92420514 CPU context switches
   1713987315 boot time
       524389 forks
