     32530996 K total memory
      4251824 K used memory
      5467508 K active memory
      8623824 K inactive memory
     16853004 K free memory
       178992 K buffer memory
     11247176 K swap cache
      2097148 K total swap
            0 K used swap
      2097148 K free swap
       925156 non-nice user cpu ticks
          149 nice user cpu ticks
       299765 system cpu ticks
     26711116 idle cpu ticks
         6482 IO-wait cpu ticks
            0 IRQ cpu ticks
         6357 softirq cpu ticks
            0 stolen cpu ticks
      2235267 pages paged in
     16211209 pages paged out
            0 pages swapped in
            0 pages swapped out
     42002816 interrupts
     91816231 CPU context switches
   1713987315 boot time
       517123 forks
