     32530996 K total memory
      4264412 K used memory
      5497036 K active memory
      8675552 K inactive memory
     16779500 K free memory
       179684 K buffer memory
     11307400 K swap cache
      2097148 K total swap
            0 K used swap
      2097148 K free swap
       966457 non-nice user cpu ticks
          149 nice user cpu ticks
       305978 system cpu ticks
     26952927 idle cpu ticks
         6531 IO-wait cpu ticks
            0 IRQ cpu ticks
         6626 softirq cpu ticks
            0 stolen cpu ticks
      2235267 pages paged in
     16277921 pages paged out
            0 pages swapped in
            0 pages swapped out
     43133904 interrupts
     92330348 CPU context switches
   1713987315 boot time
       523102 forks
