     32530996 K total memory
      4216760 K used memory
      5448700 K active memory
      8624124 K inactive memory
     16888756 K free memory
       179048 K buffer memory
     11246432 K swap cache
      2097148 K total swap
            0 K used swap
      2097148 K free swap
       927072 non-nice user cpu ticks
          149 nice user cpu ticks
       300139 system cpu ticks
     26725250 idle cpu ticks
         6485 IO-wait cpu ticks
            0 IRQ cpu ticks
         6375 softirq cpu ticks
            0 stolen cpu ticks
      2235267 pages paged in
     16213813 pages paged out
            0 pages swapped in
            0 pages swapped out
     42059222 interrupts
     91864743 CPU context switches
   1713987315 boot time
       517537 forks
