     32530996 K total memory
      4275556 K used memory
      5511584 K active memory
      8676292 K inactive memory
     16760760 K free memory
       179940 K buffer memory
     11314740 K swap cache
      2097148 K total swap
            0 K used swap
      2097148 K free swap
       984349 non-nice user cpu ticks
          149 nice user cpu ticks
       308072 system cpu ticks
     27027654 idle cpu ticks
         6548 IO-wait cpu ticks
            0 IRQ cpu ticks
         6685 softirq cpu ticks
            0 stolen cpu ticks
      2235335 pages paged in
     16284401 pages paged out
            0 pages swapped in
            0 pages swapped out
     43460823 interrupts
     92502576 CPU context switches
   1713987315 boot time
       525158 forks
