     32530996 K total memory
      4266052 K used memory
      5502872 K active memory
      8622084 K inactive memory
     16831772 K free memory
       178532 K buffer memory
     11254640 K swap cache
      2097148 K total swap
            0 K used swap
      2097148 K free swap
       899930 non-nice user cpu ticks
          149 nice user cpu ticks
       295055 system cpu ticks
     26562439 idle cpu ticks
         6447 IO-wait cpu ticks
            0 IRQ cpu ticks
         6253 softirq cpu ticks
            0 stolen cpu ticks
      2235255 pages paged in
     15901713 pages paged out
            0 pages swapped in
            0 pages swapped out
     41405731 interrupts
     91379224 CPU context switches
   1713987315 boot time
       513144 forks
