     32530996 K total memory
      4215252 K used memory
      5443584 K active memory
      8624936 K inactive memory
     16881632 K free memory
       179156 K buffer memory
     11254956 K swap cache
      2097148 K total swap
            0 K used swap
      2097148 K free swap
       931834 non-nice user cpu ticks
          149 nice user cpu ticks
       301112 system cpu ticks
     26754706 idle cpu ticks
         6492 IO-wait cpu ticks
            0 IRQ cpu ticks
         6402 softirq cpu ticks
            0 stolen cpu ticks
      2235267 pages paged in
     16216353 pages paged out
            0 pages swapped in
            0 pages swapped out
     42186476 interrupts
     91987918 CPU context switches
   1713987315 boot time
       518464 forks
