     32530996 K total memory
      4202052 K used memory
      5433784 K active memory
      8623972 K inactive memory
     16904728 K free memory
       179024 K buffer memory
     11245192 K swap cache
      2097148 K total swap
            0 K used swap
      2097148 K free swap
       926192 non-nice user cpu ticks
          149 nice user cpu ticks
       299948 system cpu ticks
     26718112 idle cpu ticks
         6484 IO-wait cpu ticks
            0 IRQ cpu ticks
         6368 softirq cpu ticks
            0 stolen cpu ticks
      2235267 pages paged in
     16212801 pages paged out
            0 pages swapped in
            0 pages swapped out
     42031873 interrupts
     91843339 CPU context switches
   1713987315 boot time
       517332 forks
