     32530996 K total memory
      4247108 K used memory
      5467984 K active memory
      8623624 K inactive memory
     16860396 K free memory
       178960 K buffer memory
     11244532 K swap cache
      2097148 K total swap
            0 K used swap
      2097148 K free swap
       923437 non-nice user cpu ticks
          149 nice user cpu ticks
       299494 system cpu ticks
     26700807 idle cpu ticks
         6478 IO-wait cpu ticks
            0 IRQ cpu ticks
         6349 softirq cpu ticks
            0 stolen cpu ticks
      2235267 pages paged in
     16109273 pages paged out
            0 pages swapped in
            0 pages swapped out
     41960351 interrupts
     91780278 CPU context switches
   1713987315 boot time
       516809 forks
