     32530996 K total memory
      4220328 K used memory
      5444312 K active memory
      8624988 K inactive memory
     16876656 K free memory
       179164 K buffer memory
     11254848 K swap cache
      2097148 K total swap
            0 K used swap
      2097148 K free swap
       932073 non-nice user cpu ticks
          149 nice user cpu ticks
       301166 system cpu ticks
     26756467 idle cpu ticks
         6492 IO-wait cpu ticks
            0 IRQ cpu ticks
         6404 softirq cpu ticks
            0 stolen cpu ticks
      2235267 pages paged in
     16216477 pages paged out
            0 pages swapped in
            0 pages swapped out
     42193897 interrupts
     91996969 CPU context switches
   1713987315 boot time
       518530 forks
