     32530996 K total memory
      4117400 K used memory
      5327276 K active memory
      7632616 K inactive memory
     18030888 K free memory
       177100 K buffer memory
     10205608 K swap cache
      2097148 K total swap
            0 K used swap
      2097148 K free swap
       852542 non-nice user cpu ticks
          149 nice user cpu ticks
       287805 system cpu ticks
     26046338 idle cpu ticks
         6335 IO-wait cpu ticks
            0 IRQ cpu ticks
         5998 softirq cpu ticks
            0 stolen cpu ticks
      2235255 pages paged in
     14746305 pages paged out
            0 pages swapped in
            0 pages swapped out
     40254826 interrupts
     90391988 CPU context switches
   1713987315 boot time
       502068 forks
