     32530996 K total memory
      4241444 K used memory
      5464712 K active memory
      8622628 K inactive memory
     16863540 K free memory
       178756 K buffer memory
     11247256 K swap cache
      2097148 K total swap
            0 K used swap
      2097148 K free swap
       912140 non-nice user cpu ticks
          149 nice user cpu ticks
       297745 system cpu ticks
     26638629 idle cpu ticks
         6462 IO-wait cpu ticks
            0 IRQ cpu ticks
         6284 softirq cpu ticks
            0 stolen cpu ticks
      2235255 pages paged in
     15907621 pages paged out
            0 pages swapped in
            0 pages swapped out
     41697682 interrupts
     91527861 CPU context switches
   1713987315 boot time
       514998 forks
