     32530996 K total memory
      4238760 K used memory
      5468768 K active memory
      8675804 K inactive memory
     16806732 K free memory
       179852 K buffer memory
     11305652 K swap cache
      2097148 K total swap
            0 K used swap
      2097148 K free swap
       978755 non-nice user cpu ticks
          149 nice user cpu ticks
       307229 system cpu ticks
     27003267 idle cpu ticks
         6542 IO-wait cpu ticks
            0 IRQ cpu ticks
         6658 softirq cpu ticks
            0 stolen cpu ticks
      2235267 pages paged in
     16281541 pages paged out
            0 pages swapped in
            0 pages swapped out
     43328459 interrupts
     92415404 CPU context switches
   1713987315 boot time
       524331 forks
