     32530996 K total memory
      4241692 K used memory
      5471104 K active memory
      8623588 K inactive memory
     16865556 K free memory
       178960 K buffer memory
     11244788 K swap cache
      2097148 K total swap
            0 K used swap
      2097148 K free swap
       923188 non-nice user cpu ticks
          149 nice user cpu ticks
       299457 system cpu ticks
     26699040 idle cpu ticks
         6478 IO-wait cpu ticks
            0 IRQ cpu ticks
         6347 softirq cpu ticks
            0 stolen cpu ticks
      2235267 pages paged in
     16109273 pages paged out
            0 pages swapped in
            0 pages swapped out
     41953326 interrupts
     91774491 CPU context switches
   1713987315 boot time
       516740 forks
