     32530996 K total memory
      4290332 K used memory
      5517168 K active memory
      8675280 K inactive memory
     16788704 K free memory
       179640 K buffer memory
     11272320 K swap cache
      2097148 K total swap
            0 K used swap
      2097148 K free swap
       963524 non-nice user cpu ticks
          149 nice user cpu ticks
       305524 system cpu ticks
     26941793 idle cpu ticks
         6529 IO-wait cpu ticks
            0 IRQ cpu ticks
         6610 softirq cpu ticks
            0 stolen cpu ticks
      2235267 pages paged in
     16276913 pages paged out
            0 pages swapped in
            0 pages swapped out
     43071571 interrupts
     92279264 CPU context switches
   1713987315 boot time
       522728 forks
