     32530996 K total memory
      4217472 K used memory
      5439412 K active memory
      8624168 K inactive memory
     16888064 K free memory
       179072 K buffer memory
     11246388 K swap cache
      2097148 K total swap
            0 K used swap
      2097148 K free swap
       927338 non-nice user cpu ticks
          149 nice user cpu ticks
       300230 system cpu ticks
     26726952 idle cpu ticks
         6486 IO-wait cpu ticks
            0 IRQ cpu ticks
         6377 softirq cpu ticks
            0 stolen cpu ticks
      2235267 pages paged in
     16214109 pages paged out
            0 pages swapped in
            0 pages swapped out
     42066769 interrupts
     91870791 CPU context switches
   1713987315 boot time
       517604 forks
