     32530996 K total memory
      4302212 K used memory
      5525888 K active memory
      8676212 K inactive memory
     16732008 K free memory
       179924 K buffer memory
     11316852 K swap cache
      2097148 K total swap
            0 K used swap
      2097148 K free swap
       983420 non-nice user cpu ticks
          149 nice user cpu ticks
       307915 system cpu ticks
     27022544 idle cpu ticks
         6547 IO-wait cpu ticks
            0 IRQ cpu ticks
         6677 softirq cpu ticks
            0 stolen cpu ticks
      2235335 pages paged in
     16283913 pages paged out
            0 pages swapped in
            0 pages swapped out
     43434053 interrupts
     92486314 CPU context switches
   1713987315 boot time
       524998 forks
