     32530996 K total memory
      4248596 K used memory
      5472040 K active memory
      8623376 K inactive memory
     16854564 K free memory
       178896 K buffer memory
     11248940 K swap cache
      2097148 K total swap
            0 K used swap
      2097148 K free swap
       919630 non-nice user cpu ticks
          149 nice user cpu ticks
       299016 system cpu ticks
     26682947 idle cpu ticks
         6475 IO-wait cpu ticks
            0 IRQ cpu ticks
         6325 softirq cpu ticks
            0 stolen cpu ticks
      2235267 pages paged in
     16107585 pages paged out
            0 pages swapped in
            0 pages swapped out
     41878738 interrupts
     91682989 CPU context switches
   1713987315 boot time
       516301 forks
