     32530996 K total memory
      4245972 K used memory
      5465640 K active memory
      8623712 K inactive memory
     16858280 K free memory
       178968 K buffer memory
     11247776 K swap cache
      2097148 K total swap
            0 K used swap
      2097148 K free swap
       924202 non-nice user cpu ticks
          149 nice user cpu ticks
       299649 system cpu ticks
     26706072 idle cpu ticks
         6479 IO-wait cpu ticks
            0 IRQ cpu ticks
         6355 softirq cpu ticks
            0 stolen cpu ticks
      2235267 pages paged in
     16109569 pages paged out
            0 pages swapped in
            0 pages swapped out
     41982125 interrupts
     91796665 CPU context switches
   1713987315 boot time
       516975 forks
