     32530996 K total memory
      4292996 K used memory
      5521528 K active memory
      8676320 K inactive memory
     16742700 K free memory
       179948 K buffer memory
     11315352 K swap cache
      2097148 K total swap
            0 K used swap
      2097148 K free swap
       984669 non-nice user cpu ticks
          149 nice user cpu ticks
       308134 system cpu ticks
     27029419 idle cpu ticks
         6548 IO-wait cpu ticks
            0 IRQ cpu ticks
         6686 softirq cpu ticks
            0 stolen cpu ticks
      2235335 pages paged in
     16284401 pages paged out
            0 pages swapped in
            0 pages swapped out
     43470078 interrupts
     92507630 CPU context switches
   1713987315 boot time
       525206 forks
