     32530996 K total memory
      4237524 K used memory
      5457904 K active memory
      8623092 K inactive memory
     16871620 K free memory
       178876 K buffer memory
     11242976 K swap cache
      2097148 K total swap
            0 K used swap
      2097148 K free swap
       918090 non-nice user cpu ticks
          149 nice user cpu ticks
       298731 system cpu ticks
     26672374 idle cpu ticks
         6473 IO-wait cpu ticks
            0 IRQ cpu ticks
         6313 softirq cpu ticks
            0 stolen cpu ticks
      2235255 pages paged in
     16106901 pages paged out
            0 pages swapped in
            0 pages swapped out
     41836242 interrupts
     91648321 CPU context switches
   1713987315 boot time
       515952 forks
