     32530996 K total memory
      4241816 K used memory
      5472584 K active memory
      8623832 K inactive memory
     16862292 K free memory
       178920 K buffer memory
     11247968 K swap cache
      2097148 K total swap
            0 K used swap
      2097148 K free swap
       921152 non-nice user cpu ticks
          149 nice user cpu ticks
       299198 system cpu ticks
     26689154 idle cpu ticks
         6476 IO-wait cpu ticks
            0 IRQ cpu ticks
         6327 softirq cpu ticks
            0 stolen cpu ticks
      2235267 pages paged in
     16108133 pages paged out
            0 pages swapped in
            0 pages swapped out
     41907359 interrupts
     91721947 CPU context switches
   1713987315 boot time
       516459 forks
