     32530996 K total memory
      4238024 K used memory
      5461968 K active memory
      8623852 K inactive memory
     16868808 K free memory
       178996 K buffer memory
     11245168 K swap cache
      2097148 K total swap
            0 K used swap
      2097148 K free swap
       925444 non-nice user cpu ticks
          149 nice user cpu ticks
       299808 system cpu ticks
     26712837 idle cpu ticks
         6482 IO-wait cpu ticks
            0 IRQ cpu ticks
         6357 softirq cpu ticks
            0 stolen cpu ticks
      2235267 pages paged in
     16211209 pages paged out
            0 pages swapped in
            0 pages swapped out
     42010232 interrupts
     91821751 CPU context switches
   1713987315 boot time
       517168 forks
