     32530996 K total memory
      4222964 K used memory
      5443036 K active memory
      8624260 K inactive memory
     16882080 K free memory
       179076 K buffer memory
     11246876 K swap cache
      2097148 K total swap
            0 K used swap
      2097148 K free swap
       927932 non-nice user cpu ticks
          149 nice user cpu ticks
       300328 system cpu ticks
     26730423 idle cpu ticks
         6487 IO-wait cpu ticks
            0 IRQ cpu ticks
         6381 softirq cpu ticks
            0 stolen cpu ticks
      2235267 pages paged in
     16214109 pages paged out
            0 pages swapped in
            0 pages swapped out
     42081471 interrupts
     91883218 CPU context switches
   1713987315 boot time
       517702 forks
