     32530996 K total memory
      4180168 K used memory
      5401000 K active memory
      8236292 K inactive memory
     17339736 K free memory
       178056 K buffer memory
     10833036 K swap cache
      2097148 K total swap
            0 K used swap
      2097148 K free swap
       877230 non-nice user cpu ticks
          149 nice user cpu ticks
       291276 system cpu ticks
     26359552 idle cpu ticks
         6403 IO-wait cpu ticks
            0 IRQ cpu ticks
         6118 softirq cpu ticks
            0 stolen cpu ticks
      2235255 pages paged in
     15393833 pages paged out
            0 pages swapped in
            0 pages swapped out
     40873432 interrupts
     91000642 CPU context switches
   1713987315 boot time
       508730 forks
