     32530996 K total memory
      4253200 K used memory
      5468740 K active memory
      8622972 K inactive memory
     16854432 K free memory
       178828 K buffer memory
     11244536 K swap cache
      2097148 K total swap
            0 K used swap
      2097148 K free swap
       916483 non-nice user cpu ticks
          149 nice user cpu ticks
       298510 system cpu ticks
     26662122 idle cpu ticks
         6470 IO-wait cpu ticks
            0 IRQ cpu ticks
         6300 softirq cpu ticks
            0 stolen cpu ticks
      2235255 pages paged in
     16105585 pages paged out
            0 pages swapped in
            0 pages swapped out
     41795263 interrupts
     91626339 CPU context switches
   1713987315 boot time
       515691 forks
