     32530996 K total memory
      4217956 K used memory
      5445416 K active memory
      8624056 K inactive memory
     16887724 K free memory
       179036 K buffer memory
     11246280 K swap cache
      2097148 K total swap
            0 K used swap
      2097148 K free swap
       926658 non-nice user cpu ticks
          149 nice user cpu ticks
       300040 system cpu ticks
     26721658 idle cpu ticks
         6484 IO-wait cpu ticks
            0 IRQ cpu ticks
         6372 softirq cpu ticks
            0 stolen cpu ticks
      2235267 pages paged in
     16212965 pages paged out
            0 pages swapped in
            0 pages swapped out
     42045126 interrupts
     91854274 CPU context switches
   1713987315 boot time
       517445 forks
