     32530996 K total memory
      4221456 K used memory
      5443364 K active memory
      8624228 K inactive memory
     16884052 K free memory
       179076 K buffer memory
     11246412 K swap cache
      2097148 K total swap
            0 K used swap
      2097148 K free swap
       927690 non-nice user cpu ticks
          149 nice user cpu ticks
       300270 system cpu ticks
     26728646 idle cpu ticks
         6486 IO-wait cpu ticks
            0 IRQ cpu ticks
         6380 softirq cpu ticks
            0 stolen cpu ticks
      2235267 pages paged in
     16214109 pages paged out
            0 pages swapped in
            0 pages swapped out
     42073681 interrupts
     91877110 CPU context switches
   1713987315 boot time
       517652 forks
