     32530992 K total memory
      5367340 K used memory
      6558268 K active memory
      6120856 K inactive memory
     18292620 K free memory
       292660 K buffer memory
      8578372 K swap cache
      2097148 K total swap
            0 K used swap
      2097148 K free swap
      1952844 non-nice user cpu ticks
         1340 nice user cpu ticks
       765703 system cpu ticks
     69713007 idle cpu ticks
        15349 IO-wait cpu ticks
            0 IRQ cpu ticks
        14216 softirq cpu ticks
            0 stolen cpu ticks
      5762580 pages paged in
     12974773 pages paged out
            0 pages swapped in
            0 pages swapped out
    101209486 interrupts
    263747415 CPU context switches
   1713631013 boot time
      1349071 forks
