     32530992 K total memory
      5360996 K used memory
      6578152 K active memory
      6116156 K inactive memory
     18291196 K free memory
       292880 K buffer memory
      8585920 K swap cache
      2097148 K total swap
            0 K used swap
      2097148 K free swap
      1959165 non-nice user cpu ticks
         1340 nice user cpu ticks
       767599 system cpu ticks
     69775959 idle cpu ticks
        15363 IO-wait cpu ticks
            0 IRQ cpu ticks
        14271 softirq cpu ticks
            0 stolen cpu ticks
      5762588 pages paged in
     12994565 pages paged out
            0 pages swapped in
            0 pages swapped out
    101445018 interrupts
    264729137 CPU context switches
   1713631013 boot time
      1350861 forks
